JvmtiExport can_access_local_variables 0
JvmtiExport can_hotswap_or_post_breakpoint 0
JvmtiExport can_post_on_exceptions 0
# 601 ciObject found
instanceKlass com/nellymincheva/indoorpositioningsystem/R$style
instanceKlass com/nellymincheva/indoorpositioningsystem/R$string
instanceKlass com/nellymincheva/indoorpositioningsystem/R$mipmap
instanceKlass com/nellymincheva/indoorpositioningsystem/R$menu
instanceKlass com/nellymincheva/indoorpositioningsystem/R$layout
instanceKlass com/nellymincheva/indoorpositioningsystem/R$integer
instanceKlass com/nellymincheva/indoorpositioningsystem/R$id
instanceKlass com/nellymincheva/indoorpositioningsystem/R$drawable
instanceKlass com/nellymincheva/indoorpositioningsystem/R$dimen
instanceKlass com/nellymincheva/indoorpositioningsystem/R$color
instanceKlass com/nellymincheva/indoorpositioningsystem/R$bool
instanceKlass com/nellymincheva/indoorpositioningsystem/R$attr
instanceKlass com/nellymincheva/indoorpositioningsystem/R$anim
instanceKlass org/objectweb/asm/Handler
instanceKlass android/content/Context
instanceKlass android/content/ComponentCallbacks2
instanceKlass android/content/ComponentCallbacks
instanceKlass android/view/View$OnCreateContextMenuListener
instanceKlass android/view/KeyEvent$Callback
instanceKlass android/view/Window$Callback
instanceKlass android/view/LayoutInflater$Factory2
instanceKlass android/view/LayoutInflater$Factory
instanceKlass android/support/v4/app/ActivityCompatApi23$RequestPermissionsRequestCodeValidator
instanceKlass android/support/v4/app/ActivityCompat$OnRequestPermissionsResultCallback
instanceKlass android/support/v7/app/ActionBarDrawerToggle$DelegateProvider
instanceKlass android/support/v4/app/TaskStackBuilder$SupportParentable
instanceKlass android/support/v7/app/AppCompatCallback
instanceKlass org/objectweb/asm/tree/TryCatchBlockNode
instanceKlass com/nellymincheva/indoorpositioningsystem/MainActivity$3
instanceKlass android/view/View$OnClickListener
instanceKlass android/content/BroadcastReceiver
instanceKlass com/nellymincheva/indoorpositioningsystem/MainActivity$1
instanceKlass android/content/ServiceConnection
instanceKlass org/objectweb/asm/tree/InnerClassNode
instanceKlass com/android/build/gradle/internal/incremental/StringSwitch$1
instanceKlass com/google/common/collect/Multimaps
instanceKlass com/android/build/gradle/internal/incremental/StringSwitch$$Lambda$226
instanceKlass com/android/build/gradle/internal/incremental/StringSwitch
instanceKlass com/android/build/gradle/internal/incremental/IncrementalSupportVisitor$MethodReference
instanceKlass org/objectweb/asm/Edge
instanceKlass com/android/build/gradle/internal/incremental/Constructor
instanceKlass com/android/build/gradle/internal/incremental/LocalVariable
instanceKlass org/objectweb/asm/util/Printer
instanceKlass com/android/build/gradle/internal/incremental/ByteCodeUtils
instanceKlass org/objectweb/asm/tree/analysis/Subroutine
instanceKlass org/objectweb/asm/tree/analysis/Frame
instanceKlass org/objectweb/asm/tree/analysis/Analyzer
instanceKlass org/objectweb/asm/tree/analysis/BasicValue
instanceKlass org/objectweb/asm/tree/analysis/Value
instanceKlass org/objectweb/asm/Opcodes
instanceKlass org/objectweb/asm/tree/analysis/Interpreter
instanceKlass com/android/build/gradle/internal/incremental/ConstructorBuilder
instanceKlass org/objectweb/asm/commons/Method
instanceKlass com/android/build/gradle/internal/incremental/InstantRunMethodVerifier
instanceKlass org/objectweb/asm/Frame
instanceKlass com/nellymincheva/indoorpositioningsystem/BuildConfig
instanceKlass org/objectweb/asm/tree/LocalVariableNode
instanceKlass org/objectweb/asm/tree/InsnList
instanceKlass org/objectweb/asm/Context
instanceKlass org/objectweb/asm/Attribute
instanceKlass org/objectweb/asm/ClassReader
instanceKlass com/android/build/gradle/internal/incremental/IncrementalSupportVisitor$VisitorBuilder
instanceKlass org/objectweb/asm/Type
instanceKlass com/android/build/gradle/internal/incremental/Redirection
instanceKlass org/objectweb/asm/tree/AbstractInsnNode
instanceKlass com/android/build/gradle/internal/incremental/IncrementalVisitor$VisitorBuilder
instanceKlass java/util/Collections$2
instanceKlass com/android/build/gradle/internal/transforms/ExtractJarsTransform$1
instanceKlass org/objectweb/asm/Label
instanceKlass org/objectweb/asm/Item
instanceKlass org/objectweb/asm/ByteVector
instanceKlass org/objectweb/asm/FieldVisitor
instanceKlass org/objectweb/asm/MethodVisitor
instanceKlass org/objectweb/asm/AnnotationVisitor
instanceKlass org/objectweb/asm/ClassVisitor
instanceKlass com/google/common/hash/Hashing$Md5Holder
instanceKlass com/android/build/gradle/tasks/PackageAndroidArtifact$KnownFilesSaveData$$Lambda$225
instanceKlass com/google/common/base/Throwables
instanceKlass com/android/build/gradle/internal/incremental/InstantRunBuildContext$1
instanceKlass com/android/build/gradle/internal/incremental/InstantRunBuildContext$Artifact
instanceKlass org/apache/commons/codec/binary/Base64
instanceKlass org/apache/commons/codec/BinaryDecoder
instanceKlass org/apache/commons/codec/Decoder
instanceKlass org/apache/commons/codec/BinaryEncoder
instanceKlass org/apache/commons/codec/Encoder
instanceKlass java/util/stream/ForEachOps$ForEachOp
instanceKlass java/util/stream/ForEachOps
instanceKlass com/android/build/gradle/tasks/PackageAndroidArtifact$$Lambda$224
instanceKlass java/util/stream/DistinctOps
instanceKlass com/android/build/gradle/tasks/PackageAndroidArtifact$$Lambda$223
instanceKlass com/android/build/gradle/tasks/PackageAndroidArtifact$$Lambda$222
instanceKlass com/android/builder/internal/packaging/zip/ZFile$$Lambda$221
instanceKlass com/android/builder/internal/packaging/zip/ZFile$$Lambda$220
instanceKlass com/android/builder/internal/packaging/zip/ZFile$$Lambda$219
instanceKlass com/google/common/util/concurrent/Futures$2
instanceKlass com/android/builder/internal/packaging/zip/ZFile$$Lambda$218
instanceKlass com/android/builder/internal/packaging/zip/CompressionResult
instanceKlass com/android/builder/internal/packaging/zip/ZFile$2
instanceKlass com/android/builder/internal/packaging/zip/compress/ExecutorCompressor$$Lambda$217
instanceKlass com/google/common/primitives/UnsignedInts
instanceKlass com/android/builder/internal/packaging/sign/ManifestGenerationExtension$2$$Lambda$216
instanceKlass com/android/builder/internal/packaging/zip/ZFile$$Lambda$215
instanceKlass com/android/builder/internal/packaging/zip/FileUseMap$1
instanceKlass com/android/builder/internal/packaging/zip/ZFile$3
instanceKlass com/android/builder/internal/packaging/IncrementalPackager$$Lambda$214
instanceKlass com/android/builder/internal/packaging/IncrementalPackager$$Lambda$213
instanceKlass java/lang/invoke/LambdaForm$DMH
instanceKlass com/android/builder/internal/packaging/IncrementalPackager$$Lambda$212
instanceKlass com/android/builder/internal/packaging/PackagedFileUpdates
instanceKlass com/android/builder/internal/packaging/IncrementalPackager$1
instanceKlass com/google/common/base/Predicates$AndPredicate
instanceKlass com/google/common/base/Functions$FunctionComposition
instanceKlass com/google/common/base/Predicates$OrPredicate
instanceKlass com/android/builder/internal/packaging/PackagedFileUpdate$3
instanceKlass com/android/builder/internal/packaging/PackagedFileUpdate$2
instanceKlass com/android/builder/internal/packaging/PackagedFileUpdate$1
instanceKlass com/android/builder/internal/packaging/PackagedFileUpdate
instanceKlass com/android/builder/internal/packaging/DexIncrementalRenameManager$DexNameComparator
instanceKlass com/android/builder/internal/packaging/DexIncrementalRenameManager$$Lambda$211
instanceKlass com/google/common/collect/Maps$FilteredEntryBiMap$1
instanceKlass com/google/common/base/Predicates$IsEqualToPredicate
instanceKlass com/android/builder/internal/packaging/DexFileNameSupplier
instanceKlass com/android/builder/files/NativeLibraryAbiPredicate
instanceKlass com/android/builder/internal/packaging/DexIncrementalRenameManager
instanceKlass com/google/common/collect/Lists$ReverseList$1
instanceKlass com/android/builder/internal/packaging/sign/ManifestGenerationExtension
instanceKlass com/android/builder/internal/packaging/zip/AlignmentRules$$Lambda$210
instanceKlass com/android/builder/internal/packaging/zfile/ZFiles
instanceKlass com/android/builder/internal/packaging/zfile/ApkZFileCreator$1
instanceKlass java/lang/invoke/LambdaForm$MH
instanceKlass java/lang/invoke/LambdaForm$DMH
instanceKlass java/lang/invoke/LambdaForm$DMH
instanceKlass com/android/builder/internal/packaging/zip/AlignmentRules$$Lambda$209
instanceKlass java/lang/invoke/LambdaForm$DMH
instanceKlass com/android/builder/internal/packaging/zfile/ApkZFileCreator
instanceKlass com/android/builder/packaging/ApkCreator
instanceKlass com/android/builder/internal/packaging/zfile/ApkZFileCreatorFactory
instanceKlass com/android/builder/packaging/ApkCreatorFactory
instanceKlass com/android/build/gradle/internal/packaging/ApkCreatorFactories
instanceKlass com/android/build/gradle/tasks/PackageAndroidArtifact$$Lambda$208
instanceKlass com/android/builder/packaging/PackagingUtils$$Lambda$207
instanceKlass com/android/build/gradle/tasks/PackageAndroidArtifact$1
instanceKlass com/android/builder/internal/packaging/zip/ZFile$$Lambda$206
instanceKlass com/google/common/hash/Funnel
instanceKlass com/google/common/hash/Funnels
instanceKlass com/google/common/hash/Hashing$Crc32Holder
instanceKlass com/android/builder/internal/utils/CachedFileContents
instanceKlass com/android/builder/internal/packaging/zip/ZFile$$Lambda$205
instanceKlass com/android/builder/internal/packaging/zip/ZFile$$Lambda$204
instanceKlass java/lang/invoke/LambdaForm$DMH
instanceKlass com/android/builder/internal/packaging/zip/ZFile$$Lambda$203
instanceKlass com/android/builder/internal/utils/IOExceptionFunction
instanceKlass com/android/builder/internal/utils/IOExceptionRunnable
instanceKlass com/android/builder/internal/packaging/zip/ZFileExtension
instanceKlass com/android/builder/internal/packaging/zip/ProcessedAndRawByteSources
instanceKlass com/android/builder/internal/packaging/zip/StoredEntry$$Lambda$202
instanceKlass com/android/builder/internal/packaging/zip/StoredEntry
instanceKlass com/android/builder/internal/packaging/zip/utils/MsDosDateTimeUtils
instanceKlass com/android/builder/internal/packaging/zip/CentralDirectoryHeader
instanceKlass com/google/common/util/concurrent/Futures$ImmediateFuture
instanceKlass com/android/builder/internal/packaging/zip/CentralDirectoryHeaderCompressInfo
instanceKlass com/android/builder/internal/packaging/zip/EncodeUtils
instanceKlass com/android/builder/internal/packaging/zip/GPFlags
instanceKlass com/android/builder/internal/packaging/zip/CentralDirectory
instanceKlass com/android/builder/internal/packaging/zip/utils/LittleEndianUtils
instanceKlass com/android/builder/internal/packaging/zip/ZipFieldInvariantMaxValue
instanceKlass com/android/builder/internal/packaging/zip/ZipFieldInvariantNonNegative
instanceKlass com/android/builder/internal/packaging/zip/ZipFieldInvariant
instanceKlass com/android/builder/internal/packaging/zip/ZipField
instanceKlass com/android/builder/internal/packaging/zip/utils/CachedSupplier
instanceKlass com/android/builder/internal/packaging/zip/Eocd
instanceKlass com/android/builder/internal/packaging/zip/utils/RandomAccessFileUtils
instanceKlass com/android/builder/internal/packaging/zip/FileUseMapEntry$$Lambda$201
instanceKlass com/android/builder/internal/packaging/zip/FileUseMapEntry$$Lambda$200
instanceKlass com/android/builder/internal/packaging/zip/FileUseMapEntry
instanceKlass com/android/builder/internal/packaging/zip/FileUseMap
instanceKlass com/android/builder/internal/packaging/zip/AlignmentRules$$Lambda$199
instanceKlass com/android/builder/internal/packaging/zip/AlignmentRules
instanceKlass com/android/builder/internal/packaging/zip/AlignmentRule
instanceKlass com/android/builder/internal/packaging/zip/compress/ExecutorCompressor
instanceKlass com/android/builder/internal/packaging/zip/utils/ByteTracker
instanceKlass com/android/builder/internal/packaging/zip/Compressor
instanceKlass com/android/builder/internal/packaging/zip/ZFileOptions
instanceKlass com/android/builder/internal/packaging/zip/ZFile
instanceKlass com/google/common/base/Functions$ConstantFunction
instanceKlass com/google/common/base/Functions
instanceKlass com/google/common/base/Predicates$CompositionPredicate
instanceKlass com/android/builder/files/RelativeFile$3
instanceKlass com/android/builder/files/RelativeFile$2
instanceKlass com/android/builder/files/RelativeFile$1
instanceKlass com/google/common/base/Verify
instanceKlass com/android/builder/files/RelativeFiles$$Lambda$198
instanceKlass com/android/builder/files/RelativeFile
instanceKlass com/android/builder/files/RelativeFiles
instanceKlass com/android/builder/files/IncrementalRelativeFileSets
instanceKlass java/util/Vector$Itr
instanceKlass java/util/zip/ZipOutputStream$XEntry
instanceKlass java/util/zip/Deflater
