#
# There is insufficient memory for the Java Runtime Environment to continue.
# Native memory allocation (malloc) failed to allocate 143264 bytes for Chunk::new
# Possible reasons:
#   The system is out of physical RAM or swap space
#   In 32 bit mode, the process size limit was hit
# Possible solutions:
#   Reduce memory load on the system
#   Increase physical memory or swap space
#   Check if swap backing store is full
#   Use 64 bit Java on a 64 bit OS
#   Decrease Java heap size (-Xmx/-Xms)
#   Decrease number of Java threads
#   Decrease Java thread stack sizes (-Xss)
#   Set larger code cache with -XX:ReservedCodeCacheSize=
# This output file may be truncated or incomplete.
#
#  Out of Memory Error (allocation.cpp:390), pid=8452, tid=0x000000000000178c
#
# JRE version: Java(TM) SE Runtime Environment (8.0_101-b13) (build 1.8.0_101-b13)
# Java VM: Java HotSpot(TM) 64-Bit Server VM (25.101-b13 mixed mode windows-amd64 compressed oops)
# Failed to write core dump. Minidumps are not enabled by default on client versions of Windows
#

---------------  T H R E A D  ---------------

Current thread (0x00000000553de800):  JavaThread "C2 CompilerThread1" daemon [_thread_in_native, id=6028, stack(0x0000000056a50000,0x0000000056b50000)]

Stack: [0x0000000056a50000,0x0000000056b50000]
[error occurred during error reporting (printing stack bounds), id 0xc0000005]

Native frames: (J=compiled Java code, j=interpreted, Vv=VM code, C=native code)


Current CompileTask:
C2:   4241 1460   !   4       com.android.dx.rop.code.RegisterSpec::intern (70 bytes)


---------------  P R O C E S S  ---------------

Java Threads: ( => current thread )
  0x0000000056de6800 JavaThread "pool-2-thread-4" [_thread_blocked, id=11956, stack(0x0000000057a40000,0x0000000057b40000)]
  0x0000000056de5000 JavaThread "pool-2-thread-3" [_thread_in_Java, id=13164, stack(0x0000000057940000,0x0000000057a40000)]
  0x0000000056de4800 JavaThread "pool-2-thread-2" [_thread_blocked, id=6212, stack(0x0000000057730000,0x0000000057830000)]
  0x0000000056d6f000 JavaThread "pool-3-thread-1" [_thread_blocked, id=9240, stack(0x0000000057530000,0x0000000057630000)]
  0x0000000056d6e000 JavaThread "pool-2-thread-1" [_thread_blocked, id=7548, stack(0x0000000057360000,0x0000000057460000)]
  0x0000000056bab000 JavaThread "Service Thread" daemon [_thread_blocked, id=11344, stack(0x0000000057160000,0x0000000057260000)]
  0x0000000056ba8000 JavaThread "C1 CompilerThread2" daemon [_thread_blocked, id=5800, stack(0x0000000056f50000,0x0000000057050000)]
=>0x00000000553de800 JavaThread "C2 CompilerThread1" daemon [_thread_in_native, id=6028, stack(0x0000000056a50000,0x0000000056b50000)]
  0x00000000553d6800 JavaThread "C2 CompilerThread0" daemon [_thread_in_native, id=9408, stack(0x00000000567a0000,0x00000000568a0000)]
  0x00000000553d2000 JavaThread "Attach Listener" daemon [_thread_blocked, id=4424, stack(0x00000000564b0000,0x00000000565b0000)]
  0x00000000553d1000 JavaThread "Signal Dispatcher" daemon [_thread_blocked, id=5840, stack(0x00000000565f0000,0x00000000566f0000)]
  0x00000000553b9800 JavaThread "Finalizer" daemon [_thread_blocked, id=15512, stack(0x0000000056280000,0x0000000056380000)]
  0x0000000055372800 JavaThread "Reference Handler" daemon [_thread_blocked, id=10712, stack(0x0000000056390000,0x0000000056490000)]
  0x00000000022ae000 JavaThread "main" [_thread_in_Java, id=16120, stack(0x00000000023c0000,0x00000000024c0000)]

Other Threads:
  0x000000005536a800 VMThread [stack: 0x0000000056100000,0x0000000056200000] [id=10276]
  0x0000000056bb4000 WatcherThread [stack: 0x00000000568c0000,0x00000000569c0000] [id=5488]

VM state:not at safepoint (normal execution)

VM Mutex/Monitor currently owned by a thread: None

Heap:
 PSYoungGen      total 35328K, used 13309K [0x00000000eab00000, 0x00000000ed000000, 0x0000000100000000)
  eden space 32768K, 32% used [0x00000000eab00000,0x00000000eb581ef8,0x00000000ecb00000)
  from space 2560K, 99% used [0x00000000ecb00000,0x00000000ecd7d6c8,0x00000000ecd80000)
  to   space 2560K, 0% used [0x00000000ecd80000,0x00000000ecd80000,0x00000000ed000000)
 ParOldGen       total 44032K, used 9155K [0x00000000c0000000, 0x00000000c2b00000, 0x00000000eab00000)
  object space 44032K, 20% used [0x00000000c0000000,0x00000000c08f0fb8,0x00000000c2b00000)
 Metaspace       used 6278K, capacity 7128K, committed 7424K, reserved 1056768K
  class space    used 624K, capacity 656K, committed 768K, reserved 1048576K

Card table byte_map: [0x0000000011bf0000,0x0000000011e00000] byte_map_base: 0x00000000115f0000

Marking Bits: (ParMarkBitMap*) 0x000000006636a6d0
 Begin Bits: [0x00000000127e0000, 0x00000000137e0000)
 End Bits:   [0x00000000137e0000, 0x00000000147e0000)

Polling page: 0x0000000000330000

CodeCache: size=245760Kb used=6004Kb max_used=6020Kb free=239755Kb
 bounds [0x0000000002830000, 0x0000000002e20000, 0x0000000011830000]
 total_blobs=1777 nmethods=1508 adapters=182
 compilation: enabled

Compilation events (10 events):
Event: 4.171 Thread 0x0000000056ba8000 1519       2       java.util.Collections$UnmodifiableList::get (11 bytes)
Event: 4.171 Thread 0x0000000056ba8000 nmethod 1519 0x0000000002e06fd0 code [0x0000000002e07140, 0x0000000002e072c8]
Event: 4.186 Thread 0x0000000056ba8000 1522       2       com.android.dx.rop.type.Type::equals (31 bytes)
Event: 4.187 Thread 0x0000000056ba8000 nmethod 1522 0x0000000002e06b10 code [0x0000000002e06c80, 0x0000000002e06ea8]
Event: 4.223 Thread 0x0000000056ba8000 1526       2       java.util.HashMap::comparableClassFor (105 bytes)
Event: 4.223 Thread 0x0000000056ba8000 nmethod 1526 0x0000000002e06210 code [0x0000000002e063c0, 0x0000000002e06808]
Event: 4.228 Thread 0x0000000056ba8000 1527       1       com.android.dx.dex.code.RopTranslator::access$100 (5 bytes)
Event: 4.228 Thread 0x0000000056ba8000 nmethod 1527 0x0000000002e05f50 code [0x0000000002e060a0, 0x0000000002e06190]
Event: 4.237 Thread 0x0000000056ba8000 1528       2       java.lang.String::<init> (15 bytes)
Event: 4.237 Thread 0x0000000056ba8000 nmethod 1528 0x0000000002e05a50 code [0x0000000002e05bc0, 0x0000000002e05e48]

GC Heap History (6 events):
Event: 1.452 GC heap before
{Heap before GC invocations=1 (full 0):
 PSYoungGen      total 18944K, used 16384K [0x00000000eab00000, 0x00000000ec000000, 0x0000000100000000)
  eden space 16384K, 100% used [0x00000000eab00000,0x00000000ebb00000,0x00000000ebb00000)
  from space 2560K, 0% used [0x00000000ebd80000,0x00000000ebd80000,0x00000000ec000000)
  to   space 2560K, 0% used [0x00000000ebb00000,0x00000000ebb00000,0x00000000ebd80000)
 ParOldGen       total 44032K, used 0K [0x00000000c0000000, 0x00000000c2b00000, 0x00000000eab00000)
  object space 44032K, 0% used [0x00000000c0000000,0x00000000c0000000,0x00000000c2b00000)
 Metaspace       used 5769K, capacity 6706K, committed 6784K, reserved 1056768K
  class space    used 602K, capacity 618K, committed 640K, reserved 1048576K
Event: 1.521 GC heap after
Heap after GC invocations=1 (full 0):
 PSYoungGen      total 18944K, used 2535K [0x00000000eab00000, 0x00000000ed000000, 0x0000000100000000)
  eden space 16384K, 0% used [0x00000000eab00000,0x00000000eab00000,0x00000000ebb00000)
  from space 2560K, 99% used [0x00000000ebb00000,0x00000000ebd79c68,0x00000000ebd80000)
  to   space 2560K, 0% used [0x00000000ecd80000,0x00000000ecd80000,0x00000000ed000000)
 ParOldGen       total 44032K, used 1395K [0x00000000c0000000, 0x00000000c2b00000, 0x00000000eab00000)
  object space 44032K, 3% used [0x00000000c0000000,0x00000000c015cea8,0x00000000c2b00000)
 Metaspace       used 5769K, capacity 6706K, committed 6784K, reserved 1056768K
  class space    used 602K, capacity 618K, committed 640K, reserved 1048576K
}
Event: 3.617 GC heap before
{Heap before GC invocations=2 (full 0):
 PSYoungGen      total 18944K, used 18919K [0x00000000eab00000, 0x00000000ed000000, 0x0000000100000000)
  eden space 16384K, 100% used [0x00000000eab00000,0x00000000ebb00000,0x00000000ebb00000)
  from space 2560K, 99% used [0x00000000ebb00000,0x00000000ebd79c68,0x00000000ebd80000)
  to   space 2560K, 0% used [0x00000000ecd80000,0x00000000ecd80000,0x00000000ed000000)
 ParOldGen       total 44032K, used 1395K [0x00000000c0000000, 0x00000000c2b00000, 0x00000000eab00000)
  object space 44032K, 3% used [0x00000000c0000000,0x00000000c015cea8,0x00000000c2b00000)
 Metaspace       used 6037K, capacity 6962K, committed 7040K, reserved 1056768K
  class space    used 604K, capacity 618K, committed 640K, reserved 1048576K
Event: 3.629 GC heap after
Heap after GC invocations=2 (full 0):
 PSYoungGen      total 35328K, used 2529K [0x00000000eab00000, 0x00000000ed000000, 0x0000000100000000)
  eden space 32768K, 0% used [0x00000000eab00000,0x00000000eab00000,0x00000000ecb00000)
  from space 2560K, 98% used [0x00000000ecd80000,0x00000000ecff86b0,0x00000000ed000000)
  to   space 2560K, 0% used [0x00000000ecb00000,0x00000000ecb00000,0x00000000ecd80000)
 ParOldGen       total 44032K, used 4008K [0x00000000c0000000, 0x00000000c2b00000, 0x00000000eab00000)
  object space 44032K, 9% used [0x00000000c0000000,0x00000000c03ea088,0x00000000c2b00000)
 Metaspace       used 6037K, capacity 6962K, committed 7040K, reserved 1056768K
  class space    used 604K, capacity 618K, committed 640K, reserved 1048576K
}
Event: 4.097 GC heap before
{Heap before GC invocations=3 (full 0):
 PSYoungGen      total 35328K, used 35297K [0x00000000eab00000, 0x00000000ed000000, 0x0000000100000000)
  eden space 32768K, 100% used [0x00000000eab00000,0x00000000ecb00000,0x00000000ecb00000)
  from space 2560K, 98% used [0x00000000ecd80000,0x00000000ecff86b0,0x00000000ed000000)
  to   space 2560K, 0% used [0x00000000ecb00000,0x00000000ecb00000,0x00000000ecd80000)
 ParOldGen       total 44032K, used 4008K [0x00000000c0000000, 0x00000000c2b00000, 0x00000000eab00000)
  object space 44032K, 9% used [0x00000000c0000000,0x00000000c03ea088,0x00000000c2b00000)
 Metaspace       used 6275K, capacity 7128K, committed 7424K, reserved 1056768K
  class space    used 624K, capacity 656K, committed 768K, reserved 1048576K
Event: 4.138 GC heap after
Heap after GC invocations=3 (full 0):
 PSYoungGen      total 35328K, used 2549K [0x00000000eab00000, 0x00000000ed000000, 0x0000000100000000)
  eden space 32768K, 0% used [0x00000000eab00000,0x00000000eab00000,0x00000000ecb00000)
  from space 2560K, 99% used [0x00000000ecb00000,0x00000000ecd7d6c8,0x00000000ecd80000)
  to   space 2560K, 0% used [0x00000000ecd80000,0x00000000ecd80000,0x00000000ed000000)
 ParOldGen       total 44032K, used 9155K [0x00000000c0000000, 0x00000000c2b00000, 0x00000000eab00000)
  object space 44032K, 20% used [0x00000000c0000000,0x00000000c08f0fb8,0x00000000c2b00000)
 Metaspace       used 6275K, capacity 7128K, committed 7424K, reserved 1056768K
  class space    used 624K, capacity 656K, committed 768K, reserved 1048576K
}

Deoptimization events (10 events):
Event: 3.775 Thread 0x00000000022ae000 Uncommon trap: reason=bimorphic action=maybe_recompile pc=0x0000000002d3c178 method=com.android.dx.cf.code.BytecodeArray.parseInstruction(ILcom/android/dx/cf/code/BytecodeArray$Visitor;)I @ 907
Event: 3.776 Thread 0x00000000022ae000 Uncommon trap: reason=bimorphic action=maybe_recompile pc=0x0000000002d3c3bc method=com.android.dx.cf.code.BytecodeArray.parseInstruction(ILcom/android/dx/cf/code/BytecodeArray$Visitor;)I @ 1035
Event: 3.776 Thread 0x00000000022ae000 Uncommon trap: reason=bimorphic action=maybe_recompile pc=0x0000000002d3c1f8 method=com.android.dx.cf.code.BytecodeArray.parseInstruction(ILcom/android/dx/cf/code/BytecodeArray$Visitor;)I @ 923
Event: 3.776 Thread 0x00000000022ae000 Uncommon trap: reason=bimorphic action=maybe_recompile pc=0x0000000002d3c790 method=com.android.dx.cf.code.BytecodeArray.parseInstruction(ILcom/android/dx/cf/code/BytecodeArray$Visitor;)I @ 1224
Event: 3.776 Thread 0x00000000022ae000 Uncommon trap: reason=bimorphic action=maybe_recompile pc=0x0000000002d3c790 method=com.android.dx.cf.code.BytecodeArray.parseInstruction(ILcom/android/dx/cf/code/BytecodeArray$Visitor;)I @ 1224
Event: 3.811 Thread 0x0000000056de4800 Uncommon trap: reason=unstable_if action=reinterpret pc=0x0000000002c4c708 method=java.util.HashMap.getNode(ILjava/lang/Object;)Ljava/util/HashMap$Node; @ 84
Event: 3.903 Thread 0x00000000022ae000 Uncommon trap: reason=unstable_if action=reinterpret pc=0x0000000002bc2b5c method=com.android.dx.rop.code.RegisterSpecSet.put(Lcom/android/dx/rop/code/RegisterSpec;)V @ 77
Event: 3.903 Thread 0x00000000022ae000 Uncommon trap: reason=unstable_if action=reinterpret pc=0x0000000002c73e14 method=com.android.dx.rop.code.RegisterSpecSet.put(Lcom/android/dx/rop/code/RegisterSpec;)V @ 77
Event: 3.947 Thread 0x0000000056de6800 Uncommon trap: reason=unstable_if action=reinterpret pc=0x0000000002db79f4 method=com.android.dx.rop.code.RegisterSpecSet.put(Lcom/android/dx/rop/code/RegisterSpec;)V @ 77
Event: 4.186 Thread 0x0000000056d6e000 Uncommon trap: reason=null_check action=make_not_entrant pc=0x0000000002c9ae90 method=com.android.dx.rop.type.Type.equals(Ljava/lang/Object;)Z @ 8

Internal exceptions (6 events):
Event: 0.149 Thread 0x00000000022ae000 Exception <a 'java/lang/NoSuchMethodError': Method sun.misc.Unsafe.defineClass(Ljava/lang/String;[BII)Ljava/lang/Class; name or signature does not match> (0x00000000eab07cc0) thrown at [C:\re\workspace\8-2-build-windows-amd64-cygwin\jdk8u101\7261\hotspot\s	Y¢åi√?
Event: 0.149 Thread 0x00000000022ae000 Exception <a 'java/lang/NoSuchMethodError': Method sun.misc.Unsafe.prefetchRead(Ljava/lang/Object;J)V name or signature does not match> (0x00000000eab07fa8) thrown at [C:\re\workspace\8-2-build-windows-amd64-cygwin\jdk8u101\7261\hotspot\src\share\vm\prims\eÆMè‰@
Event: 3.737 Thread 0x0000000056de4800 Exception <a 'java/lang/ArrayIndexOutOfBoundsException': 18> (0x00000000eb25f860) thrown at [C:\re\workspace\8-2-build-windows-amd64-cygwin\jdk8u101\7261\hotspot\src\share\vm\interpreter\interpreterRuntime.cpp, line 366]
Event: 3.737 Thread 0x0000000056de4800 Exception <a 'java/lang/ArrayIndexOutOfBoundsException'> (0x00000000eb2613e0) thrown at [C:\re\workspace\8-2-build-windows-amd64-cygwin\jdk8u101\7261\hotspot\src\share\vm\runtime\sharedRuntime.cpp, line 605]
Event: 3.740 Thread 0x0000000056de4800 Exception <a 'java/lang/ArrayIndexOutOfBoundsException'> (0x00000000eb2626c8) thrown at [C:\re\workspace\8-2-build-windows-amd64-cygwin\jdk8u101\7261\hotspot\src\share\vm\runtime\sharedRuntime.cpp, line 605]
Event: 4.186 Thread 0x0000000056d6e000 Implicit null exception at 0x0000000002c9ad92 to 0x0000000002c9ae82

Events (10 events):
Event: 3.903 Thread 0x00000000022ae000 DEOPT PACKING pc=0x0000000002c73e14 sp=0x00000000024be420
Event: 3.903 Thread 0x00000000022ae000 DEOPT UNPACKING pc=0x000000000287582a sp=0x00000000024be340 mode 2
Event: 3.947 Thread 0x0000000056de6800 Uncommon trap: trap_request=0xffffff65 fr.pc=0x0000000002db79f4
Event: 3.947 Thread 0x0000000056de6800 DEOPT PACKING pc=0x0000000002db79f4 sp=0x0000000057b3e600
Event: 3.947 Thread 0x0000000056de6800 DEOPT UNPACKING pc=0x000000000287582a sp=0x0000000057b3e560 mode 2
Event: 4.097 Executing VM operation: ParallelGCFailedAllocation
Event: 4.138 Executing VM operation: ParallelGCFailedAllocation done
Event: 4.186 Thread 0x0000000056d6e000 Uncommon trap: trap_request=0xfffffff4 fr.pc=0x0000000002c9ae90
Event: 4.186 Thread 0x0000000056d6e000 DEOPT PACKING pc=0x0000000002c9ae90 sp=0x000000005745e430
Event: 4.186 Thread 0x0000000056d6e000 DEOPT UNPACKING pc=0x000000000287582a sp=0x000000005745e3b8 mode 2


Dynamic libraries:
0x000000013f160000 - 0x000000013f197000 	C:\Program Files\Java\jdk1.8.0_101\bin\java.exe
0x00000000774d0000 - 0x000000007767a000 	C:\Windows\SYSTEM32\ntdll.dll
0x00000000772b0000 - 0x00000000773cf000 	C:\Windows\system32\kernel32.dll
0x000007fefd560000 - 0x000007fefd5ca000 	C:\Windows\system32\KERNELBASE.dll
0x000007feff560000 - 0x000007feff63b000 	C:\Windows\system32\ADVAPI32.dll
0x000007feff6c0000 - 0x000007feff75f000 	C:\Windows\system32\msvcrt.dll
0x000007fefefd0000 - 0x000007fefefef000 	C:\Windows\SYSTEM32\sechost.dll
0x000007feff3c0000 - 0x000007feff4ed000 	C:\Windows\system32\RPCRT4.dll
0x00000000773d0000 - 0x00000000774ca000 	C:\Windows\system32\USER32.dll
0x000007feff4f0000 - 0x000007feff557000 	C:\Windows\system32\GDI32.dll
0x000007feff3b0000 - 0x000007feff3be000 	C:\Windows\system32\LPK.dll
0x000007feff060000 - 0x000007feff12a000 	C:\Windows\system32\USP10.dll
0x000007fefbc70000 - 0x000007fefbe64000 	C:\Windows\WinSxS\amd64_microsoft.windows.common-controls_6595b64144ccf1df_6.0.7601.18837_none_fa3b1e3d17594757\COMCTL32.dll
0x000007feff760000 - 0x000007feff7d1000 	C:\Windows\system32\SHLWAPI.dll
0x000007fefe9c0000 - 0x000007fefe9ee000 	C:\Windows\system32\IMM32.DLL
0x000007fefe9f0000 - 0x000007fefeaf9000 	C:\Windows\system32\MSCTF.dll
0x000000006f980000 - 0x000000006fa52000 	C:\Program Files\Java\jdk1.8.0_101\jre\bin\msvcr100.dll
0x0000000065b50000 - 0x00000000663ea000 	C:\Program Files\Java\jdk1.8.0_101\jre\bin\server\jvm.dll
0x000007fef7a90000 - 0x000007fef7a99000 	C:\Windows\system32\WSOCK32.dll
0x000007fefeff0000 - 0x000007feff03d000 	C:\Windows\system32\WS2_32.dll
0x000007fefeb00000 - 0x000007fefeb08000 	C:\Windows\system32\NSI.dll
0x000007fefb750000 - 0x000007fefb78b000 	C:\Windows\system32\WINMM.dll
0x000007fefc300000 - 0x000007fefc30c000 	C:\Windows\system32\VERSION.dll
0x00000000776a0000 - 0x00000000776a7000 	C:\Windows\system32\PSAPI.DLL
0x0000000074d20000 - 0x0000000074d2f000 	C:\Program Files\Java\jdk1.8.0_101\jre\bin\verify.dll
0x00000000742a0000 - 0x00000000742c9000 	C:\Program Files\Java\jdk1.8.0_101\jre\bin\java.dll
0x0000000074b70000 - 0x0000000074b86000 	C:\Program Files\Java\jdk1.8.0_101\jre\bin\zip.dll
0x000007fefd5d0000 - 0x000007fefe359000 	C:\Windows\system32\SHELL32.dll
0x000007fefe360000 - 0x000007fefe563000 	C:\Windows\system32\ole32.dll
0x000007fefd220000 - 0x000007fefd22f000 	C:\Windows\system32\profapi.dll

VM Arguments:
jvm_args: -Djava.awt.headless=true -Xmx1024M -Dfile.encoding=windows-1252 -Duser.country=US -Duser.language=en -Duser.variant 
java_command: com.android.dx.command.Main --dex --force-jumbo --num-threads=4 --multi-dex --output C:\Users\Nelly\IndoorPositioningSystem\IndoorPositioningSystem\app\build\intermediates\transforms\dex\debug\folders\1000\10\com.android.support-support-core-ui-24.2.0_976a47c4ca1c92874738374d6ac7d2ebbc88bb5e C:\Users\Nelly\IndoorPositioningSystem\IndoorPositioningSystem\app\build\intermediates\exploded-aar\com.android.support\support-core-ui\24.2.0\jars\classes.jar
java_class_path (initial): C:\Users\Nelly\AppData\Local\Android\sdk\build-tools\24.0.2\lib\dx.jar
Launcher Type: SUN_STANDARD

Environment Variables:
PATH=C:\Program Files (x86)\Common Files\Intel\Shared Files\cpp\bin\Intel64;C:\Windows\system32;C:\Windows;C:\Windows\System32\Wbem;C:\Windows\System32\WindowsPowerShell\v1.0\;C:\Program Files\Intel\WiFi\bin\;C:\Program Files\Common Files\Intel\WirelessCommon\;C:\Program Files (x86)\Intel\OpenCL SDK\2.0\bin\x86;C:\Program Files (x86)\Intel\OpenCL SDK\2.0\bin\x64;C:\Program Files (x86)\GtkSharp\2.12\bin;%USERPROFILE%\.dnx\bin;C:\Program Files\Microsoft DNX\Dnvm\;C:\Program Files (x86)\Windows Kits\8.1\Windows Performance Toolkit\;C:\Program Files\Microsoft SQL Server\130\Tools\Binn\;C:\Program Files\Git\cmd;C:\Program Files\nodejs\;C:\Program Files\WIDCOMM\Bluetooth Software\;C:\Program Files\WIDCOMM\Bluetooth Software\syswow64;C:\Program Files\Intel\WiFi\bin\;C:\Program Files\Common Files\Intel\WirelessCommon\;C:\Program Files (x86)\Microsoft VS Code\bin;C:\Users\Nelly\AppData\Roaming\npm
USERNAME=Nelly
OS=Windows_NT
PROCESSOR_IDENTIFIER=Intel64 Family 6 Model 42 Stepping 7, GenuineIntel



---------------  S Y S T E M  ---------------

OS: Windows 7 , 64 bit Build 7601 (6.1.7601.23418)

CPU:total 4 (2 cores per cpu, 2 threads per core) family 6 model 42 stepping 7, cmov, cx8, fxsr, mmx, sse, sse2, sse3, ssse3, sse4.1, sse4.2, popcnt, avx, aes, clmul, ht, tsc, tscinvbit

Memory: 4k page, physical 4088764k(144616k free), swap 16353196k(5164k free)

vm_info: Java HotSpot(TM) 64-Bit Server VM (25.101-b13) for windows-amd64 JRE (1.8.0_101-b13), built on Jun 22 2016 01:21:29 by "java_re" with MS VC++ 10.0 (VS2010)

time: Thu Nov 17 11:28:40 2016
elapsed time: 4 seconds (0d 0h 0m 4s)

