#
# There is insufficient memory for the Java Runtime Environment to continue.
# Native memory allocation (malloc) failed to allocate 264976 bytes for Chunk::new
# Possible reasons:
#   The system is out of physical RAM or swap space
#   In 32 bit mode, the process size limit was hit
# Possible solutions:
#   Reduce memory load on the system
#   Increase physical memory or swap space
#   Check if swap backing store is full
#   Use 64 bit Java on a 64 bit OS
#   Decrease Java heap size (-Xmx/-Xms)
#   Decrease number of Java threads
#   Decrease Java thread stack sizes (-Xss)
#   Set larger code cache with -XX:ReservedCodeCacheSize=
# This output file may be truncated or incomplete.
#
#  Out of Memory Error (allocation.cpp:390), pid=15552, tid=0x0000000000001264
#
# JRE version: Java(TM) SE Runtime Environment (8.0_101-b13) (build 1.8.0_101-b13)
# Java VM: Java HotSpot(TM) 64-Bit Server VM (25.101-b13 mixed mode windows-amd64 compressed oops)
# Failed to write core dump. Minidumps are not enabled by default on client versions of Windows
#

---------------  T H R E A D  ---------------

Current thread (0x0000000056602800):  JavaThread "C2 CompilerThread0" daemon [_thread_in_native, id=4708, stack(0x0000000056400000,0x0000000056500000)]

Stack: [0x0000000056400000,0x0000000056500000]
[error occurred during error reporting (printing stack bounds), id 0xc0000005]

Native frames: (J=compiled Java code, j=interpreted, Vv=VM code, C=native code)


Current CompileTask:
C2:   3944 1242   !   4       com.android.dx.cf.code.BytecodeArray::parseInstruction (2764 bytes)


---------------  P R O C E S S  ---------------

Java Threads: ( => current thread )
  0x00000000569bd000 JavaThread "pool-2-thread-4" [_thread_blocked, id=5180, stack(0x00000000571e0000,0x00000000572e0000)]
  0x0000000056948800 JavaThread "pool-2-thread-3" [_thread_blocked, id=10128, stack(0x0000000057820000,0x0000000057920000)]
  0x0000000056945000 JavaThread "pool-2-thread-2" [_thread_blocked, id=2108, stack(0x0000000057640000,0x0000000057740000)]
  0x0000000056831000 JavaThread "pool-3-thread-1" [_thread_blocked, id=8808, stack(0x0000000057490000,0x0000000057590000)]
  0x000000005682b800 JavaThread "pool-2-thread-1" [_thread_blocked, id=15128, stack(0x0000000057340000,0x0000000057440000)]
  0x000000005509f800 JavaThread "Service Thread" daemon [_thread_blocked, id=1864, stack(0x00000000570c0000,0x00000000571c0000)]
  0x000000005665a800 JavaThread "C1 CompilerThread2" daemon [_thread_blocked, id=7752, stack(0x0000000056f90000,0x0000000057090000)]
  0x000000005660a000 JavaThread "C2 CompilerThread1" daemon [_thread_blocked, id=11164, stack(0x0000000056d10000,0x0000000056e10000)]
=>0x0000000056602800 JavaThread "C2 CompilerThread0" daemon [_thread_in_native, id=4708, stack(0x0000000056400000,0x0000000056500000)]
  0x0000000055094000 JavaThread "Attach Listener" daemon [_thread_blocked, id=15184, stack(0x0000000056c00000,0x0000000056d00000)]
  0x0000000055093000 JavaThread "Signal Dispatcher" daemon [_thread_blocked, id=6056, stack(0x0000000056a20000,0x0000000056b20000)]
  0x0000000055079800 JavaThread "Finalizer" daemon [_thread_blocked, id=4876, stack(0x0000000056500000,0x0000000056600000)]
  0x0000000055032800 JavaThread "Reference Handler" daemon [_thread_blocked, id=8856, stack(0x0000000056260000,0x0000000056360000)]
  0x0000000001bce000 JavaThread "main" [_thread_blocked, id=6912, stack(0x0000000002390000,0x0000000002490000)]

Other Threads:
  0x000000005502a800 VMThread [stack: 0x0000000056060000,0x0000000056160000] [id=15492]
  0x0000000056669800 WatcherThread [stack: 0x0000000056e50000,0x0000000056f50000] [id=13052]

VM state:not at safepoint (normal execution)

VM Mutex/Monitor currently owned by a thread: None

Heap:
 PSYoungGen      total 35328K, used 3949K [0x00000000eab00000, 0x00000000ed000000, 0x0000000100000000)
  eden space 32768K, 4% used [0x00000000eab00000,0x00000000eac5cbc8,0x00000000ecb00000)
  from space 2560K, 99% used [0x00000000ecd80000,0x00000000ecffeaa8,0x00000000ed000000)
  to   space 2560K, 0% used [0x00000000ecb00000,0x00000000ecb00000,0x00000000ecd80000)
 ParOldGen       total 44032K, used 3363K [0x00000000c0000000, 0x00000000c2b00000, 0x00000000eab00000)
  object space 44032K, 7% used [0x00000000c0000000,0x00000000c0348ed8,0x00000000c2b00000)
 Metaspace       used 6018K, capacity 6962K, committed 7040K, reserved 1056768K
  class space    used 602K, capacity 618K, committed 640K, reserved 1048576K

Card table byte_map: [0x0000000011b20000,0x0000000011d30000] byte_map_base: 0x0000000011520000

Marking Bits: (ParMarkBitMap*) 0x000000006636a6d0
 Begin Bits: [0x00000000124a0000, 0x00000000134a0000)
 End Bits:   [0x00000000134a0000, 0x00000000144a0000)

Polling page: 0x0000000000430000

CodeCache: size=245760Kb used=5141Kb max_used=5149Kb free=240618Kb
 bounds [0x0000000002760000, 0x0000000002c70000, 0x0000000011760000]
 total_blobs=1568 nmethods=1299 adapters=182
 compilation: enabled

Compilation events (10 events):
Event: 3.938 Thread 0x000000005665a800 nmethod 1296 0x0000000002c65e50 code [0x0000000002c65fc0, 0x0000000002c661a8]
Event: 3.939 Thread 0x000000005665a800 1298       3       com.android.dx.util.FixedSizeList::shrinkToFit (103 bytes)
Event: 3.939 Thread 0x000000005665a800 nmethod 1298 0x0000000002c69290 code [0x0000000002c69440, 0x0000000002c69cc8]
Event: 3.940 Thread 0x000000005660a000 nmethod 1293 0x0000000002c6a010 code [0x0000000002c6a180, 0x0000000002c6a578]
Event: 3.940 Thread 0x000000005660a000 1297       4       com.android.dx.ssa.NormalSsaInsn::toRopInsn (19 bytes)
Event: 3.940 Thread 0x000000005665a800 1299       3       com.android.dx.util.LabeledList::rebuildLabelToIndex (46 bytes)
Event: 3.940 Thread 0x000000005665a800 nmethod 1299 0x0000000002c68850 code [0x0000000002c68a00, 0x0000000002c69068]
Event: 3.940 Thread 0x000000005660a000 nmethod 1297 0x0000000002c67090 code [0x0000000002c671e0, 0x0000000002c67278]
Event: 3.941 Thread 0x000000005665a800 1300       1       com.android.dx.rop.code.Insn$BaseVisitor::visitThrowingCstInsn (1 bytes)
Event: 3.941 Thread 0x000000005665a800 nmethod 1300 0x0000000002c66dd0 code [0x0000000002c66f20, 0x0000000002c67030]

GC Heap History (4 events):
Event: 1.594 GC heap before
{Heap before GC invocations=1 (full 0):
 PSYoungGen      total 18944K, used 16384K [0x00000000eab00000, 0x00000000ec000000, 0x0000000100000000)
  eden space 16384K, 100% used [0x00000000eab00000,0x00000000ebb00000,0x00000000ebb00000)
  from space 2560K, 0% used [0x00000000ebd80000,0x00000000ebd80000,0x00000000ec000000)
  to   space 2560K, 0% used [0x00000000ebb00000,0x00000000ebb00000,0x00000000ebd80000)
 ParOldGen       total 44032K, used 0K [0x00000000c0000000, 0x00000000c2b00000, 0x00000000eab00000)
  object space 44032K, 0% used [0x00000000c0000000,0x00000000c0000000,0x00000000c2b00000)
 Metaspace       used 5724K, capacity 6704K, committed 6784K, reserved 1056768K
  class space    used 599K, capacity 616K, committed 640K, reserved 1048576K
Event: 2.231 GC heap after
Heap after GC invocations=1 (full 0):
 PSYoungGen      total 18944K, used 2535K [0x00000000eab00000, 0x00000000ed000000, 0x0000000100000000)
  eden space 16384K, 0% used [0x00000000eab00000,0x00000000eab00000,0x00000000ebb00000)
  from space 2560K, 99% used [0x00000000ebb00000,0x00000000ebd79c68,0x00000000ebd80000)
  to   space 2560K, 0% used [0x00000000ecd80000,0x00000000ecd80000,0x00000000ed000000)
 ParOldGen       total 44032K, used 1283K [0x00000000c0000000, 0x00000000c2b00000, 0x00000000eab00000)
  object space 44032K, 2% used [0x00000000c0000000,0x00000000c0140d90,0x00000000c2b00000)
 Metaspace       used 5724K, capacity 6704K, committed 6784K, reserved 1056768K
  class space    used 599K, capacity 616K, committed 640K, reserved 1048576K
}
Event: 3.286 GC heap before
{Heap before GC invocations=2 (full 0):
 PSYoungGen      total 18944K, used 18919K [0x00000000eab00000, 0x00000000ed000000, 0x0000000100000000)
  eden space 16384K, 100% used [0x00000000eab00000,0x00000000ebb00000,0x00000000ebb00000)
  from space 2560K, 99% used [0x00000000ebb00000,0x00000000ebd79c68,0x00000000ebd80000)
  to   space 2560K, 0% used [0x00000000ecd80000,0x00000000ecd80000,0x00000000ed000000)
 ParOldGen       total 44032K, used 1283K [0x00000000c0000000, 0x00000000c2b00000, 0x00000000eab00000)
  object space 44032K, 2% used [0x00000000c0000000,0x00000000c0140d90,0x00000000c2b00000)
 Metaspace       used 6016K, capacity 6962K, committed 7040K, reserved 1056768K
  class space    used 602K, capacity 618K, committed 640K, reserved 1048576K
Event: 3.842 GC heap after
Heap after GC invocations=2 (full 0):
 PSYoungGen      total 35328K, used 2554K [0x00000000eab00000, 0x00000000ed000000, 0x0000000100000000)
  eden space 32768K, 0% used [0x00000000eab00000,0x00000000eab00000,0x00000000ecb00000)
  from space 2560K, 99% used [0x00000000ecd80000,0x00000000ecffeaa8,0x00000000ed000000)
  to   space 2560K, 0% used [0x00000000ecb00000,0x00000000ecb00000,0x00000000ecd80000)
 ParOldGen       total 44032K, used 3363K [0x00000000c0000000, 0x00000000c2b00000, 0x00000000eab00000)
  object space 44032K, 7% used [0x00000000c0000000,0x00000000c0348ed8,0x00000000c2b00000)
 Metaspace       used 6016K, capacity 6962K, committed 7040K, reserved 1056768K
  class space    used 602K, capacity 618K, committed 640K, reserved 1048576K
}

Deoptimization events (9 events):
Event: 0.956 Thread 0x00000000569bd000 Uncommon trap: reason=unstable_if action=reinterpret pc=0x00000000029633a0 method=java.util.BitSet.nextSetBit(I)I @ 87
Event: 0.987 Thread 0x0000000056945000 Uncommon trap: reason=unstable_if action=reinterpret pc=0x000000000293b4b4 method=java.util.HashMap.getNode(ILjava/lang/Object;)Ljava/util/HashMap$Node; @ 62
Event: 1.590 Thread 0x0000000056948800 Uncommon trap: reason=unstable_if action=reinterpret pc=0x0000000002999ddc method=java.util.HashMap.getNode(ILjava/lang/Object;)Ljava/util/HashMap$Node; @ 129
Event: 2.842 Thread 0x00000000569bd000 Uncommon trap: reason=class_check action=maybe_recompile pc=0x0000000002b3b804 method=com.android.dx.ssa.NormalSsaInsn.accept(Lcom/android/dx/ssa/SsaInsn$Visitor;)V @ 9
Event: 2.843 Thread 0x00000000569bd000 Uncommon trap: reason=class_check action=maybe_recompile pc=0x0000000002b3b804 method=com.android.dx.ssa.NormalSsaInsn.accept(Lcom/android/dx/ssa/SsaInsn$Visitor;)V @ 9
Event: 2.843 Thread 0x00000000569bd000 Uncommon trap: reason=class_check action=maybe_recompile pc=0x0000000002b3b804 method=com.android.dx.ssa.NormalSsaInsn.accept(Lcom/android/dx/ssa/SsaInsn$Visitor;)V @ 9
Event: 2.844 Thread 0x00000000569bd000 Uncommon trap: reason=class_check action=maybe_recompile pc=0x0000000002b3b804 method=com.android.dx.ssa.NormalSsaInsn.accept(Lcom/android/dx/ssa/SsaInsn$Visitor;)V @ 9
Event: 2.844 Thread 0x00000000569bd000 Uncommon trap: reason=class_check action=maybe_recompile pc=0x00000000029c6000 method=com.android.dx.ssa.NormalSsaInsn.accept(Lcom/android/dx/ssa/SsaInsn$Visitor;)V @ 9
Event: 2.844 Thread 0x00000000569bd000 Uncommon trap: reason=class_check action=maybe_recompile pc=0x000000000297ee20 method=com.android.dx.ssa.NormalSsaInsn.accept(Lcom/android/dx/ssa/SsaInsn$Visitor;)V @ 9

Internal exceptions (2 events):
Event: 0.056 Thread 0x0000000001bce000 Exception <a 'java/lang/NoSuchMethodError': Method sun.misc.Unsafe.defineClass(Ljava/lang/String;[BII)Ljava/lang/Class; name or signature does not match> (0x00000000eab07cc0) thrown at [C:\re\workspace\8-2-build-windows-amd64-cygwin\jdk8u101\7261\hotspot\sÅ√}u≠?
Event: 0.057 Thread 0x0000000001bce000 Exception <a 'java/lang/NoSuchMethodError': Method sun.misc.Unsafe.prefetchRead(Ljava/lang/Object;J)V name or signature does not match> (0x00000000eab07fa8) thrown at [C:\re\workspace\8-2-build-windows-amd64-cygwin\jdk8u101\7261\hotspot\src\share\vm\prims\

Events (10 events):
Event: 3.019 Thread 0x0000000056945000 DEOPT PACKING pc=0x0000000002a9276f sp=0x000000005773ed10
Event: 3.019 Thread 0x0000000056945000 DEOPT UNPACKING pc=0x00000000027a787f sp=0x000000005773eaf0 mode 0
Event: 3.271 loading class java/util/TreeMap$EntrySet
Event: 3.272 loading class java/util/TreeMap$EntrySet done
Event: 3.272 loading class java/util/TreeMap$EntryIterator
Event: 3.272 loading class java/util/TreeMap$EntryIterator done
Event: 3.272 Executing VM operation: Deoptimize
Event: 3.272 Executing VM operation: Deoptimize done
Event: 3.286 Executing VM operation: ParallelGCFailedAllocation
Event: 3.842 Executing VM operation: ParallelGCFailedAllocation done


Dynamic libraries:
0x000000013f160000 - 0x000000013f197000 	C:\Program Files\Java\jdk1.8.0_101\bin\java.exe
0x00000000774d0000 - 0x000000007767a000 	C:\Windows\SYSTEM32\ntdll.dll
0x00000000772b0000 - 0x00000000773cf000 	C:\Windows\system32\kernel32.dll
0x000007fefd560000 - 0x000007fefd5ca000 	C:\Windows\system32\KERNELBASE.dll
0x000007feff560000 - 0x000007feff63b000 	C:\Windows\system32\ADVAPI32.dll
0x000007feff6c0000 - 0x000007feff75f000 	C:\Windows\system32\msvcrt.dll
0x000007fefefd0000 - 0x000007fefefef000 	C:\Windows\SYSTEM32\sechost.dll
0x000007feff3c0000 - 0x000007feff4ed000 	C:\Windows\system32\RPCRT4.dll
0x00000000773d0000 - 0x00000000774ca000 	C:\Windows\system32\USER32.dll
0x000007feff4f0000 - 0x000007feff557000 	C:\Windows\system32\GDI32.dll
0x000007feff3b0000 - 0x000007feff3be000 	C:\Windows\system32\LPK.dll
0x000007feff060000 - 0x000007feff12a000 	C:\Windows\system32\USP10.dll
0x000007fefbc70000 - 0x000007fefbe64000 	C:\Windows\WinSxS\amd64_microsoft.windows.common-controls_6595b64144ccf1df_6.0.7601.18837_none_fa3b1e3d17594757\COMCTL32.dll
0x000007feff760000 - 0x000007feff7d1000 	C:\Windows\system32\SHLWAPI.dll
0x000007fefe9c0000 - 0x000007fefe9ee000 	C:\Windows\system32\IMM32.DLL
0x000007fefe9f0000 - 0x000007fefeaf9000 	C:\Windows\system32\MSCTF.dll
0x000000006f980000 - 0x000000006fa52000 	C:\Program Files\Java\jdk1.8.0_101\jre\bin\msvcr100.dll
0x0000000065b50000 - 0x00000000663ea000 	C:\Program Files\Java\jdk1.8.0_101\jre\bin\server\jvm.dll
0x000007fef7a90000 - 0x000007fef7a99000 	C:\Windows\system32\WSOCK32.dll
0x000007fefeff0000 - 0x000007feff03d000 	C:\Windows\system32\WS2_32.dll
0x000007fefeb00000 - 0x000007fefeb08000 	C:\Windows\system32\NSI.dll
0x000007fefb750000 - 0x000007fefb78b000 	C:\Windows\system32\WINMM.dll
0x000007fefc300000 - 0x000007fefc30c000 	C:\Windows\system32\VERSION.dll
0x00000000776a0000 - 0x00000000776a7000 	C:\Windows\system32\PSAPI.DLL
0x0000000074d20000 - 0x0000000074d2f000 	C:\Program Files\Java\jdk1.8.0_101\jre\bin\verify.dll
0x00000000742a0000 - 0x00000000742c9000 	C:\Program Files\Java\jdk1.8.0_101\jre\bin\java.dll
0x0000000074b70000 - 0x0000000074b86000 	C:\Program Files\Java\jdk1.8.0_101\jre\bin\zip.dll
0x000007fefd5d0000 - 0x000007fefe359000 	C:\Windows\system32\SHELL32.dll
0x000007fefe360000 - 0x000007fefe563000 	C:\Windows\system32\ole32.dll
0x000007fefd220000 - 0x000007fefd22f000 	C:\Windows\system32\profapi.dll

VM Arguments:
jvm_args: -Djava.awt.headless=true -Xmx1024M -Dfile.encoding=windows-1252 -Duser.country=US -Duser.language=en -Duser.variant 
java_command: com.android.dx.command.Main --dex --force-jumbo --num-threads=4 --multi-dex --output C:\Users\Nelly\IndoorPositioningSystem\IndoorPositioningSystem\app\build\intermediates\transforms\dex\debug\folders\1000\10\com.android.support-support-media-compat-24.2.0_6210daf5f127cad53ad7c00a52d8be9141621b83 C:\Users\Nelly\IndoorPositioningSystem\IndoorPositioningSystem\app\build\intermediates\exploded-aar\com.android.support\support-media-compat\24.2.0\jars\classes.jar
java_class_path (initial): C:\Users\Nelly\AppData\Local\Android\sdk\build-tools\24.0.2\lib\dx.jar
Launcher Type: SUN_STANDARD

Environment Variables:
PATH=C:\Program Files (x86)\Common Files\Intel\Shared Files\cpp\bin\Intel64;C:\Windows\system32;C:\Windows;C:\Windows\System32\Wbem;C:\Windows\System32\WindowsPowerShell\v1.0\;C:\Program Files\Intel\WiFi\bin\;C:\Program Files\Common Files\Intel\WirelessCommon\;C:\Program Files (x86)\Intel\OpenCL SDK\2.0\bin\x86;C:\Program Files (x86)\Intel\OpenCL SDK\2.0\bin\x64;C:\Program Files (x86)\GtkSharp\2.12\bin;%USERPROFILE%\.dnx\bin;C:\Program Files\Microsoft DNX\Dnvm\;C:\Program Files (x86)\Windows Kits\8.1\Windows Performance Toolkit\;C:\Program Files\Microsoft SQL Server\130\Tools\Binn\;C:\Program Files\Git\cmd;C:\Program Files\nodejs\;C:\Program Files\WIDCOMM\Bluetooth Software\;C:\Program Files\WIDCOMM\Bluetooth Software\syswow64;C:\Program Files\Intel\WiFi\bin\;C:\Program Files\Common Files\Intel\WirelessCommon\;C:\Program Files (x86)\Microsoft VS Code\bin;C:\Users\Nelly\AppData\Roaming\npm
USERNAME=Nelly
OS=Windows_NT
PROCESSOR_IDENTIFIER=Intel64 Family 6 Model 42 Stepping 7, GenuineIntel



---------------  S Y S T E M  ---------------

OS: Windows 7 , 64 bit Build 7601 (6.1.7601.23418)

CPU:total 4 (2 cores per cpu, 2 threads per core) family 6 model 42 stepping 7, cmov, cx8, fxsr, mmx, sse, sse2, sse3, ssse3, sse4.1, sse4.2, popcnt, avx, aes, clmul, ht, tsc, tscinvbit

Memory: 4k page, physical 4088764k(144624k free), swap 16353196k(5172k free)

vm_info: Java HotSpot(TM) 64-Bit Server VM (25.101-b13) for windows-amd64 JRE (1.8.0_101-b13), built on Jun 22 2016 01:21:29 by "java_re" with MS VC++ 10.0 (VS2010)

time: Thu Nov 17 11:28:40 2016
elapsed time: 3 seconds (0d 0h 0m 3s)

