#
# There is insufficient memory for the Java Runtime Environment to continue.
# Native memory allocation (malloc) failed to allocate 32784 bytes for Chunk::new
# Possible reasons:
#   The system is out of physical RAM or swap space
#   In 32 bit mode, the process size limit was hit
# Possible solutions:
#   Reduce memory load on the system
#   Increase physical memory or swap space
#   Check if swap backing store is full
#   Use 64 bit Java on a 64 bit OS
#   Decrease Java heap size (-Xmx/-Xms)
#   Decrease number of Java threads
#   Decrease Java thread stack sizes (-Xss)
#   Set larger code cache with -XX:ReservedCodeCacheSize=
# This output file may be truncated or incomplete.
#
#  Out of Memory Error (allocation.cpp:390), pid=4568, tid=0x0000000000003bac
#
# JRE version: Java(TM) SE Runtime Environment (8.0_101-b13) (build 1.8.0_101-b13)
# Java VM: Java HotSpot(TM) 64-Bit Server VM (25.101-b13 mixed mode windows-amd64 compressed oops)
# Failed to write core dump. Minidumps are not enabled by default on client versions of Windows
#

---------------  T H R E A D  ---------------

Current thread (0x0000000054eb6800):  JavaThread "C2 CompilerThread0" daemon [_thread_in_native, id=15276, stack(0x0000000055fb0000,0x00000000560b0000)]

Stack: [0x0000000055fb0000,0x00000000560b0000]
[error occurred during error reporting (printing stack bounds), id 0xc0000005]

Native frames: (J=compiled Java code, j=interpreted, Vv=VM code, C=native code)


Current CompileTask:
C2:   8694 1725       4       com.android.dx.rop.code.Rops::ropFor (771 bytes)


---------------  P R O C E S S  ---------------

Java Threads: ( => current thread )
  0x00000000568fc800 JavaThread "pool-2-thread-4" [_thread_blocked, id=17376, stack(0x0000000057c80000,0x0000000057d80000)]
  0x00000000568fb800 JavaThread "pool-2-thread-3" [_thread_blocked, id=18332, stack(0x00000000579a0000,0x0000000057aa0000)]
  0x00000000568fb000 JavaThread "pool-2-thread-2" [_thread_in_vm, id=16924, stack(0x00000000578a0000,0x00000000579a0000)]
  0x00000000568fa000 JavaThread "pool-3-thread-1" [_thread_blocked, id=1684, stack(0x0000000057730000,0x0000000057830000)]
  0x00000000568ff800 JavaThread "pool-2-thread-1" [_thread_in_vm, id=2528, stack(0x0000000057620000,0x0000000057720000)]
  0x00000000565f3000 JavaThread "Service Thread" daemon [_thread_blocked, id=13636, stack(0x0000000056ad0000,0x0000000056bd0000)]
  0x0000000054ebb800 JavaThread "C1 CompilerThread2" daemon [_thread_blocked, id=12312, stack(0x00000000564f0000,0x00000000565f0000)]
  0x0000000054eba800 JavaThread "C2 CompilerThread1" daemon [_thread_in_native, id=13672, stack(0x0000000056390000,0x0000000056490000)]
=>0x0000000054eb6800 JavaThread "C2 CompilerThread0" daemon [_thread_in_native, id=15276, stack(0x0000000055fb0000,0x00000000560b0000)]
  0x0000000054eb2000 JavaThread "Attach Listener" daemon [_thread_blocked, id=16696, stack(0x00000000561b0000,0x00000000562b0000)]
  0x0000000054eb1000 JavaThread "Signal Dispatcher" daemon [_thread_blocked, id=18328, stack(0x00000000560b0000,0x00000000561b0000)]
  0x0000000054e94000 JavaThread "Finalizer" daemon [_thread_blocked, id=12096, stack(0x0000000055cc0000,0x0000000055dc0000)]
  0x0000000054e52800 JavaThread "Reference Handler" daemon [_thread_blocked, id=17584, stack(0x0000000055e10000,0x0000000055f10000)]
  0x0000000001eae000 JavaThread "main" [_thread_blocked_trans, id=8996, stack(0x0000000002170000,0x0000000002270000)]

Other Threads:
  0x0000000054e4a800 VMThread [stack: 0x0000000055b90000,0x0000000055c90000] [id=7060]
  0x00000000565f7000 WatcherThread [stack: 0x0000000056c50000,0x0000000056d50000] [id=18364]

VM state:synchronizing (normal execution)

VM Mutex/Monitor currently owned by a thread:  ([mutex/lock_event])
[0x0000000001eac790] Threads_lock - owner thread: 0x0000000054e4a800
[0x0000000001eacc90] Heap_lock - owner thread: 0x00000000568fc800

Heap:
 PSYoungGen      total 35328K, used 35319K [0x00000000eab00000, 0x00000000ed000000, 0x0000000100000000)
  eden space 32768K, 100% used [0x00000000eab00000,0x00000000ecb00000,0x00000000ecb00000)
  from space 2560K, 99% used [0x00000000ecd80000,0x00000000ecffdc78,0x00000000ed000000)
  to   space 2560K, 0% used [0x00000000ecb00000,0x00000000ecb00000,0x00000000ecd80000)
 ParOldGen       total 44032K, used 2888K [0x00000000c0000000, 0x00000000c2b00000, 0x00000000eab00000)
  object space 44032K, 6% used [0x00000000c0000000,0x00000000c02d2258,0x00000000c2b00000)
 Metaspace       used 6254K, capacity 7090K, committed 7296K, reserved 1056768K
  class space    used 603K, capacity 618K, committed 640K, reserved 1048576K

Card table byte_map: [0x0000000011900000,0x0000000011b10000] byte_map_base: 0x0000000011300000

Marking Bits: (ParMarkBitMap*) 0x000000006ea3a6d0
 Begin Bits: [0x00000000122c0000, 0x00000000132c0000)
 End Bits:   [0x00000000132c0000, 0x00000000142c0000)

Polling page: 0x0000000000340000

CodeCache: size=245760Kb used=7053Kb max_used=7053Kb free=238706Kb
 bounds [0x0000000002540000, 0x0000000002c30000, 0x0000000011540000]
 total_blobs=1983 nmethods=1713 adapters=182
 compilation: enabled

Compilation events (10 events):
Event: 8.615 Thread 0x0000000054ebb800 1727       3       com.android.dx.ssa.LocalVariableExtractor::processBlock (383 bytes)
Event: 8.619 Thread 0x0000000054ebb800 nmethod 1727 0x0000000002c24d50 code [0x0000000002c25240, 0x0000000002c28958]
Event: 8.619 Thread 0x0000000054ebb800 1729       3       com.android.dx.rop.code.RegisterSpecSet::localItemToSpec (49 bytes)
Event: 8.619 Thread 0x0000000054ebb800 nmethod 1729 0x0000000002c06c50 code [0x0000000002c06de0, 0x0000000002c073a8]
Event: 8.619 Thread 0x0000000054ebb800 1728       2       com.android.dx.ssa.LocalVariableInfo::mutableCopyOfStarts (29 bytes)
Event: 8.620 Thread 0x0000000054ebb800 nmethod 1728 0x0000000002c0d6d0 code [0x0000000002c0d860, 0x0000000002c0dbf8]
Event: 8.621 Thread 0x0000000054ebb800 1732       3       java.util.concurrent.locks.ReentrantLock$NonfairSync::lock (25 bytes)
Event: 8.622 Thread 0x0000000054ebb800 nmethod 1732 0x0000000002c0c990 code [0x0000000002c0cb60, 0x0000000002c0d398]
Event: 8.630 Thread 0x0000000054ebb800 1734       3       com.android.dx.rop.code.Rops::opMarkLocal (69 bytes)
Event: 8.631 Thread 0x0000000054ebb800 nmethod 1734 0x0000000002c11a10 code [0x0000000002c11c40, 0x0000000002c127f8]

GC Heap History (4 events):
Event: 1.530 GC heap before
{Heap before GC invocations=1 (full 0):
 PSYoungGen      total 18944K, used 16384K [0x00000000eab00000, 0x00000000ec000000, 0x0000000100000000)
  eden space 16384K, 100% used [0x00000000eab00000,0x00000000ebb00000,0x00000000ebb00000)
  from space 2560K, 0% used [0x00000000ebd80000,0x00000000ebd80000,0x00000000ec000000)
  to   space 2560K, 0% used [0x00000000ebb00000,0x00000000ebb00000,0x00000000ebd80000)
 ParOldGen       total 44032K, used 0K [0x00000000c0000000, 0x00000000c2b00000, 0x00000000eab00000)
  object space 44032K, 0% used [0x00000000c0000000,0x00000000c0000000,0x00000000c2b00000)
 Metaspace       used 5567K, capacity 6576K, committed 6784K, reserved 1056768K
  class space    used 592K, capacity 616K, committed 640K, reserved 1048576K
Event: 1.590 GC heap after
Heap after GC invocations=1 (full 0):
 PSYoungGen      total 18944K, used 2537K [0x00000000eab00000, 0x00000000ed000000, 0x0000000100000000)
  eden space 16384K, 0% used [0x00000000eab00000,0x00000000eab00000,0x00000000ebb00000)
  from space 2560K, 99% used [0x00000000ebb00000,0x00000000ebd7a450,0x00000000ebd80000)
  to   space 2560K, 0% used [0x00000000ecd80000,0x00000000ecd80000,0x00000000ed000000)
 ParOldGen       total 44032K, used 990K [0x00000000c0000000, 0x00000000c2b00000, 0x00000000eab00000)
  object space 44032K, 2% used [0x00000000c0000000,0x00000000c00f7ac8,0x00000000c2b00000)
 Metaspace       used 5567K, capacity 6576K, committed 6784K, reserved 1056768K
  class space    used 592K, capacity 616K, committed 640K, reserved 1048576K
}
Event: 2.781 GC heap before
{Heap before GC invocations=2 (full 0):
 PSYoungGen      total 18944K, used 18921K [0x00000000eab00000, 0x00000000ed000000, 0x0000000100000000)
  eden space 16384K, 100% used [0x00000000eab00000,0x00000000ebb00000,0x00000000ebb00000)
  from space 2560K, 99% used [0x00000000ebb00000,0x00000000ebd7a450,0x00000000ebd80000)
  to   space 2560K, 0% used [0x00000000ecd80000,0x00000000ecd80000,0x00000000ed000000)
 ParOldGen       total 44032K, used 990K [0x00000000c0000000, 0x00000000c2b00000, 0x00000000eab00000)
  object space 44032K, 2% used [0x00000000c0000000,0x00000000c00f7ac8,0x00000000c2b00000)
 Metaspace       used 5975K, capacity 6898K, committed 7040K, reserved 1056768K
  class space    used 601K, capacity 618K, committed 640K, reserved 1048576K
Event: 3.701 GC heap after
Heap after GC invocations=2 (full 0):
 PSYoungGen      total 35328K, used 2551K [0x00000000eab00000, 0x00000000ed000000, 0x0000000100000000)
  eden space 32768K, 0% used [0x00000000eab00000,0x00000000eab00000,0x00000000ecb00000)
  from space 2560K, 99% used [0x00000000ecd80000,0x00000000ecffdc78,0x00000000ed000000)
  to   space 2560K, 0% used [0x00000000ecb00000,0x00000000ecb00000,0x00000000ecd80000)
 ParOldGen       total 44032K, used 2888K [0x00000000c0000000, 0x00000000c2b00000, 0x00000000eab00000)
  object space 44032K, 6% used [0x00000000c0000000,0x00000000c02d2258,0x00000000c2b00000)
 Metaspace       used 5975K, capacity 6898K, committed 7040K, reserved 1056768K
  class space    used 601K, capacity 618K, committed 640K, reserved 1048576K
}

Deoptimization events (10 events):
Event: 1.735 Thread 0x00000000568fc800 Uncommon trap: reason=class_check action=maybe_recompile pc=0x000000000278c874 method=com.android.dx.rop.type.Type.equals(Ljava/lang/Object;)Z @ 8
Event: 1.858 Thread 0x00000000568fc800 Uncommon trap: reason=unstable_if action=reinterpret pc=0x00000000027886e4 method=java.util.BitSet.ensureCapacity(I)V @ 6
Event: 1.915 Thread 0x00000000568fc800 Uncommon trap: reason=unstable_if action=reinterpret pc=0x000000000278d684 method=com.android.dx.rop.cst.Constant.compareTo(Lcom/android/dx/rop/cst/Constant;)I @ 12
Event: 3.835 Thread 0x00000000568fc800 Uncommon trap: reason=null_check action=make_not_entrant pc=0x000000000279bdd4 method=com.android.dx.ssa.SsaRenamer.getLocalForNewReg(I)Lcom/android/dx/rop/code/LocalItem; @ 19
Event: 4.880 Thread 0x00000000568ff800 Uncommon trap: reason=unstable_if action=reinterpret pc=0x00000000029e31fc method=com.android.dx.ssa.SCCP.simulateBranch(Lcom/android/dx/ssa/SsaInsn;)V @ 107
Event: 4.906 Thread 0x00000000568fb800 Uncommon trap: reason=unstable_if action=reinterpret pc=0x0000000002a441d4 method=com.android.dx.ssa.LiteralOpUpgrader$1.visitNonMoveInsn(Lcom/android/dx/ssa/NormalSsaInsn;)V @ 151
Event: 4.957 Thread 0x00000000568fb800 Uncommon trap: reason=null_check action=make_not_entrant pc=0x000000000289d6d0 method=com.android.dx.rop.type.Type.equals(Ljava/lang/Object;)Z @ 8
Event: 5.266 Thread 0x00000000568fc800 Uncommon trap: reason=unstable_if action=reinterpret pc=0x00000000027a2f4c method=com.android.dx.rop.code.RegisterSpecSet.<init>(I)V @ 2
Event: 8.612 Thread 0x00000000568fb000 Uncommon trap: reason=unstable_if action=reinterpret pc=0x0000000002a7d97c method=com.android.dx.rop.code.RegisterSpecSet.localItemToSpec(Lcom/android/dx/rop/code/LocalItem;)Lcom/android/dx/rop/code/RegisterSpec; @ 35
Event: 8.613 Thread 0x00000000568fb000 Uncommon trap: reason=unstable_if action=reinterpret pc=0x00000000029db830 method=com.android.dx.rop.code.RegisterSpecSet.localItemToSpec(Lcom/android/dx/rop/code/LocalItem;)Lcom/android/dx/rop/code/RegisterSpec; @ 35

Internal exceptions (4 events):
Event: 0.146 Thread 0x0000000001eae000 Exception <a 'java/lang/NoSuchMethodError': Method sun.misc.Unsafe.defineClass(Ljava/lang/String;[BII)Ljava/lang/Class; name or signature does not match> (0x00000000eab07cc0) thrown at [C:\re\workspace\8-2-build-windows-amd64-cygwin\jdk8u101\7261\hotspot\s¨#à€ÜºÂ?
Event: 0.146 Thread 0x0000000001eae000 Exception <a 'java/lang/NoSuchMethodError': Method sun.misc.Unsafe.prefetchRead(Ljava/lang/Object;J)V name or signature does not match> (0x00000000eab07fa8) thrown at [C:\re\workspace\8-2-build-windows-amd64-cygwin\jdk8u101\7261\hotspot\src\share\vm\prims\QQÒvI®@
Event: 3.835 Thread 0x00000000568fc800 Implicit null exception at 0x000000000279a6a9 to 0x000000000279bd89
Event: 4.957 Thread 0x00000000568fb800 Implicit null exception at 0x000000000289d5d2 to 0x000000000289d6c2

Events (10 events):
Event: 5.266 Thread 0x00000000568fc800 Uncommon trap: trap_request=0xffffff65 fr.pc=0x00000000027a2f4c
Event: 5.266 Thread 0x00000000568fc800 DEOPT PACKING pc=0x00000000027a2f4c sp=0x0000000057d7e8c0
Event: 5.275 Thread 0x00000000568fc800 DEOPT UNPACKING pc=0x000000000258582a sp=0x0000000057d7e7f0 mode 2
Event: 8.612 Thread 0x00000000568fb000 Uncommon trap: trap_request=0xffffff65 fr.pc=0x0000000002a7d97c
Event: 8.612 Thread 0x00000000568fb000 DEOPT PACKING pc=0x0000000002a7d97c sp=0x000000005799eae0
Event: 8.612 Thread 0x00000000568fb000 DEOPT UNPACKING pc=0x000000000258582a sp=0x000000005799ea58 mode 2
Event: 8.613 Thread 0x00000000568fb000 Uncommon trap: trap_request=0xffffff65 fr.pc=0x00000000029db830
Event: 8.613 Thread 0x00000000568fb000 DEOPT PACKING pc=0x00000000029db830 sp=0x000000005799ea90
Event: 8.613 Thread 0x00000000568fb000 DEOPT UNPACKING pc=0x000000000258582a sp=0x000000005799ea40 mode 2
Event: 8.680 Executing VM operation: ParallelGCFailedAllocation


Dynamic libraries:
0x000000013f7d0000 - 0x000000013f807000 	C:\Program Files\Java\jdk1.8.0_101\bin\java.exe
0x00000000774d0000 - 0x000000007767a000 	C:\Windows\SYSTEM32\ntdll.dll
0x00000000772b0000 - 0x00000000773cf000 	C:\Windows\system32\kernel32.dll
0x000007fefd560000 - 0x000007fefd5ca000 	C:\Windows\system32\KERNELBASE.dll
0x000007feff560000 - 0x000007feff63b000 	C:\Windows\system32\ADVAPI32.dll
0x000007feff6c0000 - 0x000007feff75f000 	C:\Windows\system32\msvcrt.dll
0x000007fefefd0000 - 0x000007fefefef000 	C:\Windows\SYSTEM32\sechost.dll
0x000007feff3c0000 - 0x000007feff4ed000 	C:\Windows\system32\RPCRT4.dll
0x00000000773d0000 - 0x00000000774ca000 	C:\Windows\system32\USER32.dll
0x000007feff4f0000 - 0x000007feff557000 	C:\Windows\system32\GDI32.dll
0x000007feff3b0000 - 0x000007feff3be000 	C:\Windows\system32\LPK.dll
0x000007feff060000 - 0x000007feff12a000 	C:\Windows\system32\USP10.dll
0x000007fefbc70000 - 0x000007fefbe64000 	C:\Windows\WinSxS\amd64_microsoft.windows.common-controls_6595b64144ccf1df_6.0.7601.18837_none_fa3b1e3d17594757\COMCTL32.dll
0x000007feff760000 - 0x000007feff7d1000 	C:\Windows\system32\SHLWAPI.dll
0x000007fefe9c0000 - 0x000007fefe9ee000 	C:\Windows\system32\IMM32.DLL
0x000007fefe9f0000 - 0x000007fefeaf9000 	C:\Windows\system32\MSCTF.dll
0x0000000073a80000 - 0x0000000073b52000 	C:\Program Files\Java\jdk1.8.0_101\jre\bin\msvcr100.dll
0x000000006e220000 - 0x000000006eaba000 	C:\Program Files\Java\jdk1.8.0_101\jre\bin\server\jvm.dll
0x000007fef7a90000 - 0x000007fef7a99000 	C:\Windows\system32\WSOCK32.dll
0x000007fefeff0000 - 0x000007feff03d000 	C:\Windows\system32\WS2_32.dll
0x000007fefeb00000 - 0x000007fefeb08000 	C:\Windows\system32\NSI.dll
0x000007fefb750000 - 0x000007fefb78b000 	C:\Windows\system32\WINMM.dll
0x000007fefc300000 - 0x000007fefc30c000 	C:\Windows\system32\VERSION.dll
0x00000000776a0000 - 0x00000000776a7000 	C:\Windows\system32\PSAPI.DLL
0x0000000074100000 - 0x000000007410f000 	C:\Program Files\Java\jdk1.8.0_101\jre\bin\verify.dll
0x0000000074080000 - 0x00000000740a9000 	C:\Program Files\Java\jdk1.8.0_101\jre\bin\java.dll
0x0000000073d80000 - 0x0000000073d96000 	C:\Program Files\Java\jdk1.8.0_101\jre\bin\zip.dll
0x000007fefd5d0000 - 0x000007fefe359000 	C:\Windows\system32\SHELL32.dll
0x000007fefe360000 - 0x000007fefe563000 	C:\Windows\system32\ole32.dll
0x000007fefd220000 - 0x000007fefd22f000 	C:\Windows\system32\profapi.dll

VM Arguments:
jvm_args: -Djava.awt.headless=true -Xmx1024M -Dfile.encoding=windows-1252 -Duser.country=US -Duser.language=en -Duser.variant 
java_command: com.android.dx.command.Main --dex --force-jumbo --num-threads=4 --multi-dex --output C:\Users\Nelly\IndoorPositioningSystem\IndoorPositioningSystem\app\build\intermediates\transforms\dex\debug\folders\1000\10\internal_impl-24.2.0_bdfa4b2a208234e5131223317f47c09511e3328d C:\Users\Nelly\IndoorPositioningSystem\IndoorPositioningSystem\app\build\intermediates\exploded-aar\com.android.support\support-compat\24.2.0\jars\libs\internal_impl-24.2.0.jar
java_class_path (initial): C:\Users\Nelly\AppData\Local\Android\sdk\build-tools\24.0.2\lib\dx.jar
Launcher Type: SUN_STANDARD

Environment Variables:
PATH=C:\Program Files (x86)\Common Files\Intel\Shared Files\cpp\bin\Intel64;C:\Windows\system32;C:\Windows;C:\Windows\System32\Wbem;C:\Windows\System32\WindowsPowerShell\v1.0\;C:\Program Files\Intel\WiFi\bin\;C:\Program Files\Common Files\Intel\WirelessCommon\;C:\Program Files (x86)\Intel\OpenCL SDK\2.0\bin\x86;C:\Program Files (x86)\Intel\OpenCL SDK\2.0\bin\x64;C:\Program Files (x86)\GtkSharp\2.12\bin;%USERPROFILE%\.dnx\bin;C:\Program Files\Microsoft DNX\Dnvm\;C:\Program Files (x86)\Windows Kits\8.1\Windows Performance Toolkit\;C:\Program Files\Microsoft SQL Server\130\Tools\Binn\;C:\Program Files\Git\cmd;C:\Program Files\nodejs\;C:\Program Files\WIDCOMM\Bluetooth Software\;C:\Program Files\WIDCOMM\Bluetooth Software\syswow64;C:\Program Files\Intel\WiFi\bin\;C:\Program Files\Common Files\Intel\WirelessCommon\;C:\Program Files (x86)\Microsoft VS Code\bin;C:\Users\Nelly\AppData\Roaming\npm
USERNAME=Nelly
OS=Windows_NT
PROCESSOR_IDENTIFIER=Intel64 Family 6 Model 42 Stepping 7, GenuineIntel



---------------  S Y S T E M  ---------------

OS: Windows 7 , 64 bit Build 7601 (6.1.7601.23418)

CPU:total 4 (2 cores per cpu, 2 threads per core) family 6 model 42 stepping 7, cmov, cx8, fxsr, mmx, sse, sse2, sse3, ssse3, sse4.1, sse4.2, popcnt, avx, aes, clmul, ht, tsc, tscinvbit

Memory: 4k page, physical 4088764k(27168k free), swap 16353196k(5592k free)

vm_info: Java HotSpot(TM) 64-Bit Server VM (25.101-b13) for windows-amd64 JRE (1.8.0_101-b13), built on Jun 22 2016 01:21:29 by "java_re" with MS VC++ 10.0 (VS2010)

time: Sun Nov 27 12:04:17 2016
elapsed time: 8 seconds (0d 0h 0m 8s)

