#
# There is insufficient memory for the Java Runtime Environment to continue.
# Native memory allocation (malloc) failed to allocate 282816 bytes for Chunk::new
# Possible reasons:
#   The system is out of physical RAM or swap space
#   In 32 bit mode, the process size limit was hit
# Possible solutions:
#   Reduce memory load on the system
#   Increase physical memory or swap space
#   Check if swap backing store is full
#   Use 64 bit Java on a 64 bit OS
#   Decrease Java heap size (-Xmx/-Xms)
#   Decrease number of Java threads
#   Decrease Java thread stack sizes (-Xss)
#   Set larger code cache with -XX:ReservedCodeCacheSize=
# This output file may be truncated or incomplete.
#
#  Out of Memory Error (allocation.cpp:390), pid=244, tid=0x0000000000001684
#
# JRE version: Java(TM) SE Runtime Environment (8.0_101-b13) (build 1.8.0_101-b13)
# Java VM: Java HotSpot(TM) 64-Bit Server VM (25.101-b13 mixed mode windows-amd64 compressed oops)
# Failed to write core dump. Minidumps are not enabled by default on client versions of Windows
#

---------------  T H R E A D  ---------------

Current thread (0x0000000054d8a800):  JavaThread "C2 CompilerThread1" daemon [_thread_in_native, id=5764, stack(0x0000000056390000,0x0000000056490000)]

Stack: [0x0000000056390000,0x0000000056490000]
[error occurred during error reporting (printing stack bounds), id 0xc0000005]

Native frames: (J=compiled Java code, j=interpreted, Vv=VM code, C=native code)


Current CompileTask:
C2:   4622 1030       4       com.android.dx.ssa.Dominators::eval (29 bytes)


---------------  P R O C E S S  ---------------

Java Threads: ( => current thread )
  0x00000000569ce000 JavaThread "pool-2-thread-4" [_thread_blocked, id=16992, stack(0x0000000056a80000,0x0000000056b80000)]
  0x0000000056987000 JavaThread "pool-2-thread-3" [_thread_blocked, id=3648, stack(0x0000000057440000,0x0000000057540000)]
  0x000000005680f000 JavaThread "pool-2-thread-2" [_thread_in_Java, id=16124, stack(0x0000000057260000,0x0000000057360000)]
  0x00000000567b0000 JavaThread "pool-3-thread-1" [_thread_blocked, id=1728, stack(0x0000000056cd0000,0x0000000056dd0000)]
  0x00000000567af800 JavaThread "pool-2-thread-1" [_thread_blocked, id=15180, stack(0x0000000057030000,0x0000000057130000)]
  0x0000000056688800 JavaThread "Service Thread" daemon [_thread_blocked, id=11312, stack(0x0000000056bb0000,0x0000000056cb0000)]
  0x0000000054d8b800 JavaThread "C1 CompilerThread2" daemon [_thread_blocked, id=7772, stack(0x0000000056580000,0x0000000056680000)]
=>0x0000000054d8a800 JavaThread "C2 CompilerThread1" daemon [_thread_in_native, id=5764, stack(0x0000000056390000,0x0000000056490000)]
  0x0000000054d86800 JavaThread "C2 CompilerThread0" daemon [_thread_in_native, id=14408, stack(0x0000000055f60000,0x0000000056060000)]
  0x0000000054d82000 JavaThread "Attach Listener" daemon [_thread_blocked, id=7340, stack(0x0000000056280000,0x0000000056380000)]
  0x0000000054d81000 JavaThread "Signal Dispatcher" daemon [_thread_blocked, id=13632, stack(0x0000000056080000,0x0000000056180000)]
  0x0000000054d63800 JavaThread "Finalizer" daemon [_thread_blocked, id=11936, stack(0x0000000055be0000,0x0000000055ce0000)]
  0x0000000054d22000 JavaThread "Reference Handler" daemon [_thread_blocked, id=17204, stack(0x0000000055e50000,0x0000000055f50000)]
  0x0000000001cae000 JavaThread "main" [_thread_in_Java, id=2104, stack(0x0000000001e40000,0x0000000001f40000)]

Other Threads:
  0x0000000054d1a800 VMThread [stack: 0x0000000055d40000,0x0000000055e40000] [id=9952]
  0x00000000566eb000 WatcherThread [stack: 0x0000000056e10000,0x0000000056f10000] [id=16492]

VM state:not at safepoint (normal execution)

VM Mutex/Monitor currently owned by a thread: None

Heap:
 PSYoungGen      total 35328K, used 16224K [0x00000000eab00000, 0x00000000ed000000, 0x0000000100000000)
  eden space 32768K, 41% used [0x00000000eab00000,0x00000000eb85de60,0x00000000ecb00000)
  from space 2560K, 99% used [0x00000000ecd80000,0x00000000ecffa260,0x00000000ed000000)
  to   space 2560K, 0% used [0x00000000ecb00000,0x00000000ecb00000,0x00000000ecd80000)
 ParOldGen       total 44032K, used 8435K [0x00000000c0000000, 0x00000000c2b00000, 0x00000000eab00000)
  object space 44032K, 19% used [0x00000000c0000000,0x00000000c083cf60,0x00000000c2b00000)
 Metaspace       used 5672K, capacity 6832K, committed 7040K, reserved 1056768K
  class space    used 584K, capacity 616K, committed 640K, reserved 1048576K

Card table byte_map: [0x00000000116b0000,0x00000000118c0000] byte_map_base: 0x00000000110b0000

Marking Bits: (ParMarkBitMap*) 0x000000006ea3a6d0
 Begin Bits: [0x0000000012190000, 0x0000000013190000)
 End Bits:   [0x0000000013190000, 0x0000000014190000)

Polling page: 0x0000000000430000

CodeCache: size=245760Kb used=3435Kb max_used=3448Kb free=242324Kb
 bounds [0x00000000022f0000, 0x0000000002660000, 0x00000000112f0000]
 total_blobs=1125 nmethods=863 adapters=175
 compilation: enabled

Compilation events (10 events):
Event: 4.590 Thread 0x0000000054d8a800 nmethod 1039 0x00000000026453d0 code [0x0000000002645500, 0x0000000002645598]
Event: 4.590 Thread 0x0000000054d8a800 1033       4       com.android.dx.dex.code.OutputFinisher::updateInfo (44 bytes)
Event: 4.595 Thread 0x0000000054d8a800 nmethod 1033 0x0000000002649310 code [0x0000000002649460, 0x0000000002649668]
Event: 4.595 Thread 0x0000000054d8a800 1043       4       java.util.ArrayList$SubList::checkForComodification (23 bytes)
Event: 4.596 Thread 0x0000000054d8a800 nmethod 1043 0x000000000264a9d0 code [0x000000000264ab00, 0x000000000264ab78]
Event: 4.596 Thread 0x0000000054d8a800 1041       4       com.android.dx.ssa.SsaMethod$2::visitNonMoveInsn (6 bytes)
Event: 4.596 Thread 0x0000000054d8a800 nmethod 1041 0x000000000264cbd0 code [0x000000000264cd20, 0x000000000264cd88]
Event: 4.596 Thread 0x0000000054d8a800 1036       4       com.android.dx.dex.code.OutputCollector::add (9 bytes)
Event: 4.611 Thread 0x0000000054d8a800 nmethod 1036 0x000000000264d890 code [0x000000000264da00, 0x000000000264df68]
Event: 4.611 Thread 0x0000000054d8a800 1030       4       com.android.dx.ssa.Dominators::eval (29 bytes)

GC Heap History (4 events):
Event: 2.966 GC heap before
{Heap before GC invocations=1 (full 0):
 PSYoungGen      total 18944K, used 16384K [0x00000000eab00000, 0x00000000ec000000, 0x0000000100000000)
  eden space 16384K, 100% used [0x00000000eab00000,0x00000000ebb00000,0x00000000ebb00000)
  from space 2560K, 0% used [0x00000000ebd80000,0x00000000ebd80000,0x00000000ec000000)
  to   space 2560K, 0% used [0x00000000ebb00000,0x00000000ebb00000,0x00000000ebd80000)
 ParOldGen       total 44032K, used 0K [0x00000000c0000000, 0x00000000c2b00000, 0x00000000eab00000)
  object space 44032K, 0% used [0x00000000c0000000,0x00000000c0000000,0x00000000c2b00000)
 Metaspace       used 5525K, capacity 6704K, committed 6784K, reserved 1056768K
  class space    used 580K, capacity 616K, committed 640K, reserved 1048576K
Event: 3.725 GC heap after
Heap after GC invocations=1 (full 0):
 PSYoungGen      total 18944K, used 2536K [0x00000000eab00000, 0x00000000ed000000, 0x0000000100000000)
  eden space 16384K, 0% used [0x00000000eab00000,0x00000000eab00000,0x00000000ebb00000)
  from space 2560K, 99% used [0x00000000ebb00000,0x00000000ebd7a270,0x00000000ebd80000)
  to   space 2560K, 0% used [0x00000000ecd80000,0x00000000ecd80000,0x00000000ed000000)
 ParOldGen       total 44032K, used 1728K [0x00000000c0000000, 0x00000000c2b00000, 0x00000000eab00000)
  object space 44032K, 3% used [0x00000000c0000000,0x00000000c01b0290,0x00000000c2b00000)
 Metaspace       used 5525K, capacity 6704K, committed 6784K, reserved 1056768K
  class space    used 580K, capacity 616K, committed 640K, reserved 1048576K
}
Event: 4.210 GC heap before
{Heap before GC invocations=2 (full 0):
 PSYoungGen      total 18944K, used 18920K [0x00000000eab00000, 0x00000000ed000000, 0x0000000100000000)
  eden space 16384K, 100% used [0x00000000eab00000,0x00000000ebb00000,0x00000000ebb00000)
  from space 2560K, 99% used [0x00000000ebb00000,0x00000000ebd7a270,0x00000000ebd80000)
  to   space 2560K, 0% used [0x00000000ecd80000,0x00000000ecd80000,0x00000000ed000000)
 ParOldGen       total 44032K, used 1728K [0x00000000c0000000, 0x00000000c2b00000, 0x00000000eab00000)
  object space 44032K, 3% used [0x00000000c0000000,0x00000000c01b0290,0x00000000c2b00000)
 Metaspace       used 5606K, capacity 6768K, committed 7040K, reserved 1056768K
  class space    used 581K, capacity 616K, committed 640K, reserved 1048576K
Event: 4.418 GC heap after
Heap after GC invocations=2 (full 0):
 PSYoungGen      total 35328K, used 2536K [0x00000000eab00000, 0x00000000ed000000, 0x0000000100000000)
  eden space 32768K, 0% used [0x00000000eab00000,0x00000000eab00000,0x00000000ecb00000)
  from space 2560K, 99% used [0x00000000ecd80000,0x00000000ecffa260,0x00000000ed000000)
  to   space 2560K, 0% used [0x00000000ecb00000,0x00000000ecb00000,0x00000000ecd80000)
 ParOldGen       total 44032K, used 8435K [0x00000000c0000000, 0x00000000c2b00000, 0x00000000eab00000)
  object space 44032K, 19% used [0x00000000c0000000,0x00000000c083cf60,0x00000000c2b00000)
 Metaspace       used 5606K, capacity 6768K, committed 7040K, reserved 1056768K
  class space    used 581K, capacity 616K, committed 640K, reserved 1048576K
}

Deoptimization events (6 events):
Event: 2.622 Thread 0x000000005680f000 Uncommon trap: reason=unstable_if action=reinterpret pc=0x00000000024ae5e0 method=java.util.BitSet.nextSetBit(I)I @ 87
Event: 2.729 Thread 0x000000005680f000 Uncommon trap: reason=class_check action=maybe_recompile pc=0x0000000002554cec method=com.android.dx.ssa.NormalSsaInsn.accept(Lcom/android/dx/ssa/SsaInsn$Visitor;)V @ 9
Event: 2.832 Thread 0x00000000569ce000 Uncommon trap: reason=class_check action=maybe_recompile pc=0x0000000002554cec method=com.android.dx.ssa.NormalSsaInsn.accept(Lcom/android/dx/ssa/SsaInsn$Visitor;)V @ 9
Event: 2.832 Thread 0x00000000569ce000 Uncommon trap: reason=class_check action=maybe_recompile pc=0x0000000002554cec method=com.android.dx.ssa.NormalSsaInsn.accept(Lcom/android/dx/ssa/SsaInsn$Visitor;)V @ 9
Event: 2.832 Thread 0x00000000569ce000 Uncommon trap: reason=class_check action=maybe_recompile pc=0x0000000002554cec method=com.android.dx.ssa.NormalSsaInsn.accept(Lcom/android/dx/ssa/SsaInsn$Visitor;)V @ 9
Event: 3.828 Thread 0x00000000569ce000 Uncommon trap: reason=null_check action=make_not_entrant pc=0x0000000002562850 method=com.android.dx.rop.type.Type.equals(Ljava/lang/Object;)Z @ 8

Internal exceptions (3 events):
Event: 1.281 Thread 0x0000000001cae000 Exception <a 'java/lang/NoSuchMethodError': Method sun.misc.Unsafe.defineClass(Ljava/lang/String;[BII)Ljava/lang/Class; name or signature does not match> (0x00000000eab07cc0) thrown at [C:\re\workspace\8-2-build-windows-amd64-cygwin\jdk8u101\7261\hotspot\sûèg4~ô?
Event: 1.281 Thread 0x0000000001cae000 Exception <a 'java/lang/NoSuchMethodError': Method sun.misc.Unsafe.prefetchRead(Ljava/lang/Object;J)V name or signature does not match> (0x00000000eab07fa8) thrown at [C:\re\workspace\8-2-build-windows-amd64-cygwin\jdk8u101\7261\hotspot\src\share\vm\prims\îX¯ÉñŸ@
Event: 3.828 Thread 0x00000000569ce000 Implicit null exception at 0x0000000002562752 to 0x0000000002562842

Events (10 events):
Event: 4.484 loading class com/android/dx/util/ListIntSet$1
Event: 4.484 loading class com/android/dx/util/ListIntSet$1 done
Event: 4.555 loading class com/android/dx/cf/direct/AnnotationParser
Event: 4.555 loading class com/android/dx/cf/direct/AnnotationParser done
Event: 4.557 loading class com/android/dx/cf/attrib/AttRuntimeInvisibleAnnotations
Event: 4.557 loading class com/android/dx/cf/attrib/AttRuntimeInvisibleAnnotations done
Event: 4.557 loading class com/android/dx/cf/attrib/BaseAnnotations
Event: 4.557 loading class com/android/dx/cf/attrib/BaseAnnotations done
Event: 4.614 Thread 0x000000005680f000 DEOPT PACKING pc=0x000000000259821c sp=0x000000005735ecf0
Event: 4.614 Thread 0x000000005680f000 DEOPT UNPACKING pc=0x000000000233787f sp=0x000000005735ea18 mode 0


Dynamic libraries:
0x000000013f7d0000 - 0x000000013f807000 	C:\Program Files\Java\jdk1.8.0_101\bin\java.exe
0x00000000774d0000 - 0x000000007767a000 	C:\Windows\SYSTEM32\ntdll.dll
0x00000000772b0000 - 0x00000000773cf000 	C:\Windows\system32\kernel32.dll
0x000007fefd560000 - 0x000007fefd5ca000 	C:\Windows\system32\KERNELBASE.dll
0x000007feff560000 - 0x000007feff63b000 	C:\Windows\system32\ADVAPI32.dll
0x000007feff6c0000 - 0x000007feff75f000 	C:\Windows\system32\msvcrt.dll
0x000007fefefd0000 - 0x000007fefefef000 	C:\Windows\SYSTEM32\sechost.dll
0x000007feff3c0000 - 0x000007feff4ed000 	C:\Windows\system32\RPCRT4.dll
0x00000000773d0000 - 0x00000000774ca000 	C:\Windows\system32\USER32.dll
0x000007feff4f0000 - 0x000007feff557000 	C:\Windows\system32\GDI32.dll
0x000007feff3b0000 - 0x000007feff3be000 	C:\Windows\system32\LPK.dll
0x000007feff060000 - 0x000007feff12a000 	C:\Windows\system32\USP10.dll
0x000007fefbc70000 - 0x000007fefbe64000 	C:\Windows\WinSxS\amd64_microsoft.windows.common-controls_6595b64144ccf1df_6.0.7601.18837_none_fa3b1e3d17594757\COMCTL32.dll
0x000007feff760000 - 0x000007feff7d1000 	C:\Windows\system32\SHLWAPI.dll
0x000007fefe9c0000 - 0x000007fefe9ee000 	C:\Windows\system32\IMM32.DLL
0x000007fefe9f0000 - 0x000007fefeaf9000 	C:\Windows\system32\MSCTF.dll
0x0000000073a80000 - 0x0000000073b52000 	C:\Program Files\Java\jdk1.8.0_101\jre\bin\msvcr100.dll
0x000000006e220000 - 0x000000006eaba000 	C:\Program Files\Java\jdk1.8.0_101\jre\bin\server\jvm.dll
0x000007fef7a90000 - 0x000007fef7a99000 	C:\Windows\system32\WSOCK32.dll
0x000007fefeff0000 - 0x000007feff03d000 	C:\Windows\system32\WS2_32.dll
0x000007fefeb00000 - 0x000007fefeb08000 	C:\Windows\system32\NSI.dll
0x000007fefb750000 - 0x000007fefb78b000 	C:\Windows\system32\WINMM.dll
0x000007fefc300000 - 0x000007fefc30c000 	C:\Windows\system32\VERSION.dll
0x00000000776a0000 - 0x00000000776a7000 	C:\Windows\system32\PSAPI.DLL
0x0000000074100000 - 0x000000007410f000 	C:\Program Files\Java\jdk1.8.0_101\jre\bin\verify.dll
0x0000000074080000 - 0x00000000740a9000 	C:\Program Files\Java\jdk1.8.0_101\jre\bin\java.dll
0x0000000073d80000 - 0x0000000073d96000 	C:\Program Files\Java\jdk1.8.0_101\jre\bin\zip.dll
0x000007fefd5d0000 - 0x000007fefe359000 	C:\Windows\system32\SHELL32.dll
0x000007fefe360000 - 0x000007fefe563000 	C:\Windows\system32\ole32.dll
0x000007fefd220000 - 0x000007fefd22f000 	C:\Windows\system32\profapi.dll

VM Arguments:
jvm_args: -Djava.awt.headless=true -Xmx1024M -Dfile.encoding=windows-1252 -Duser.country=US -Duser.language=en -Duser.variant 
java_command: com.android.dx.command.Main --dex --force-jumbo --num-threads=4 --multi-dex --output C:\Users\Nelly\IndoorPositioningSystem\IndoorPositioningSystem\app\build\intermediates\transforms\dex\debug\folders\1000\5\slice_9 C:\Users\Nelly\IndoorPositioningSystem\IndoorPositioningSystem\app\build\intermediates\transforms\instantRunSlicer\debug\folders\1\5\slice_9
java_class_path (initial): C:\Users\Nelly\AppData\Local\Android\sdk\build-tools\24.0.2\lib\dx.jar
Launcher Type: SUN_STANDARD

Environment Variables:
PATH=C:\Program Files (x86)\Common Files\Intel\Shared Files\cpp\bin\Intel64;C:\Windows\system32;C:\Windows;C:\Windows\System32\Wbem;C:\Windows\System32\WindowsPowerShell\v1.0\;C:\Program Files\Intel\WiFi\bin\;C:\Program Files\Common Files\Intel\WirelessCommon\;C:\Program Files (x86)\Intel\OpenCL SDK\2.0\bin\x86;C:\Program Files (x86)\Intel\OpenCL SDK\2.0\bin\x64;C:\Program Files (x86)\GtkSharp\2.12\bin;%USERPROFILE%\.dnx\bin;C:\Program Files\Microsoft DNX\Dnvm\;C:\Program Files (x86)\Windows Kits\8.1\Windows Performance Toolkit\;C:\Program Files\Microsoft SQL Server\130\Tools\Binn\;C:\Program Files\Git\cmd;C:\Program Files\nodejs\;C:\Program Files\WIDCOMM\Bluetooth Software\;C:\Program Files\WIDCOMM\Bluetooth Software\syswow64;C:\Program Files\Intel\WiFi\bin\;C:\Program Files\Common Files\Intel\WirelessCommon\;C:\Program Files (x86)\Microsoft VS Code\bin;C:\Users\Nelly\AppData\Roaming\npm
USERNAME=Nelly
OS=Windows_NT
PROCESSOR_IDENTIFIER=Intel64 Family 6 Model 42 Stepping 7, GenuineIntel



---------------  S Y S T E M  ---------------

OS: Windows 7 , 64 bit Build 7601 (6.1.7601.23418)

CPU:total 4 (2 cores per cpu, 2 threads per core) family 6 model 42 stepping 7, cmov, cx8, fxsr, mmx, sse, sse2, sse3, ssse3, sse4.1, sse4.2, popcnt, avx, aes, clmul, ht, tsc, tscinvbit

Memory: 4k page, physical 4088764k(23132k free), swap 16353196k(5340k free)

vm_info: Java HotSpot(TM) 64-Bit Server VM (25.101-b13) for windows-amd64 JRE (1.8.0_101-b13), built on Jun 22 2016 01:21:29 by "java_re" with MS VC++ 10.0 (VS2010)

time: Sun Nov 27 12:04:18 2016
elapsed time: 4 seconds (0d 0h 0m 4s)

