
[error occurred during error reporting (printing stack bounds), id 0xc0000005]

Native frames: (J=compiled Java code, j=interpreted, Vv=VM code, C=native code)


Current CompileTask:
C2:    452   19       4       java.lang.String::charAt (29 bytes)


---------------  P R O C E S S  ---------------

Java Threads: ( => current thread )
  0x000000005665b000 JavaThread "Service Thread" daemon [_thread_blocked, id=12492, stack(0x0000000056db0000,0x0000000056eb0000)]
  0x0000000056657800 JavaThread "C1 CompilerThread2" daemon [_thread_in_native, id=14072, stack(0x0000000056c10000,0x0000000056d10000)]
=>0x0000000056653800 JavaThread "C2 CompilerThread1" daemon [_thread_in_native, id=13300, stack(0x0000000056a10000,0x0000000056b10000)]
  0x0000000054da8800 JavaThread "C2 CompilerThread0" daemon [_thread_blocked, id=15068, stack(0x0000000056500000,0x0000000056600000)]
  0x0000000054da4000 JavaThread "Attach Listener" daemon [_thread_blocked, id=6592, stack(0x0000000056330000,0x0000000056430000)]
  0x0000000054da2800 JavaThread "Signal Dispatcher" daemon [_thread_blocked, id=9236, stack(0x0000000056090000,0x0000000056190000)]
  0x0000000054d8b800 JavaThread "Finalizer" daemon [_thread_blocked, id=13980, stack(0x0000000055f80000,0x0000000056080000)]
  0x0000000054d44000 JavaThread "Reference Handler" daemon [_thread_blocked, id=652, stack(0x0000000055d80000,0x0000000055e80000)]
  0x00000000001fe000 JavaThread "main" [_thread_in_vm, id=1500, stack(0x0000000002030000,0x0000000002130000)]

Other Threads:
  0x0000000054d3c800 VMThread [stack: 0x0000000055c80000,0x0000000055d80000] [id=11656]
  0x0000000056662000 WatcherThread [stack: 0x00000000561d0000,0x00000000562d0000] [id=9532]

VM state:not at safepoint (normal execution)

VM Mutex/Monitor currently owned by a thread:  ([mutex/lock_event])
[0x00000000001fbf10] SystemDictionary_lock - owner thread: 0x00000000001fe000

Heap:
 PSYoungGen      total 18944K, used 655K [0x00000000eab00000, 0x00000000ec000000, 0x0000000100000000)
  eden space 16384K, 4% used [0x00000000eab00000,0x00000000eaba3d98,0x00000000ebb00000)
  from space 2560K, 0% used [0x00000000ebd80000,0x00000000ebd80000,0x00000000ec000000)
  to   space 2560K, 0% used [0x00000000ebb00000,0x00000000ebb00000,0x00000000ebd80000)
 ParOldGen       total 44032K, used 0K [0x00000000c0000000, 0x00000000c2b00000, 0x00000000eab00000)
  object space 44032K, 0% used [0x00000000c0000000,0x00000000c0000000,0x00000000c2b00000)
 Metaspace       used 2477K, capacity 4480K, committed 4480K, reserved 1056768K
  class space    used 275K, capacity 384K, committed 384K, reserved 1048576K

Card table byte_map: [0x00000000117c0000,0x00000000119d0000] byte_map_base: 0x00000000111c0000

Marking Bits: (ParMarkBitMap*) 0x0000000066c0a6d0
 Begin Bits: [0x00000000121b0000, 0x00000000131b0000)
 End Bits:   [0x00000000131b0000, 0x00000000141b0000)

Polling page: 0x0000000001c70000

CodeCache: size=245760Kb used=1074Kb max_used=1074Kb free=244685Kb
 bounds [0x0000000002400000, 0x0000000002670000, 0x0000000011400000]
 total_blobs=237 nmethods=10 adapters=141
 compilation: enabled

Compilation events (10 events):
Event: 0.390 Thread 0x0000000056657800   10       3       java.lang.String::length (6 bytes)
Event: 0.390 Thread 0x0000000056657800 nmethod 10 0x000000000250af10 code [0x000000000250b060, 0x000000000250b1b0]
Event: 0.390 Thread 0x0000000056657800    5       3       java.lang.Object::<init> (1 bytes)
Event: 0.390 Thread 0x0000000056657800 nmethod 5 0x000000000250b250 code [0x000000000250b3a0, 0x000000000250b4f0]
Event: 0.390 Thread 0x0000000056657800    6       3       java.lang.Math::min (11 bytes)
Event: 0.390 Thread 0x0000000056657800 nmethod 6 0x000000000250b590 code [0x000000000250b6e0, 0x000000000250b870]
Event: 0.390 Thread 0x0000000056657800    3       3       java.lang.String::<init> (82 bytes)
Event: 0.391 Thread 0x0000000056657800 nmethod 3 0x000000000250b8d0 code [0x000000000250baa0, 0x000000000250bf98]
Event: 0.449 Thread 0x0000000056657800   16       1       java.lang.CharacterDataLatin1::getProperties (11 bytes)
Event: 0.449 Thread 0x0000000056653800   19       4       java.lang.String::charAt (29 bytes)

GC Heap History (0 events):
No events

Deoptimization events (0 events):
No events

Internal exceptions (6 events):
Event: 0.148 Thread 0x00000000001fe000 Exception <a 'java/lang/NoSuchMethodError': Method sun.misc.Unsafe.defineClass(Ljava/lang/String;[BII)Ljava/lang/Class; name or signature does not match> (0x00000000eab07cc0) thrown at [C:\re\workspace\8-2-build-windows-amd64-cygwin\jdk8u101\7261\hotspot\sH…lMëÂ?
Event: 0.148 Thread 0x00000000001fe000 Exception <a 'java/lang/NoSuchMethodError': Method sun.misc.Unsafe.prefetchRead(Ljava/lang/Object;J)V name or signature does not match> (0x00000000eab07fa8) thrown at [C:\re\workspace\8-2-build-windows-amd64-cygwin\jdk8u101\7261\hotspot\src\share\vm\prims\Q0ºÒu¯Ü?
Event: 0.448 Thread 0x00000000001fe000 Exception <a 'java/lang/OutOfMemoryError'> (0x00000000eab68c00) thrown at [C:\re\workspace\8-2-build-windows-amd64-cygwin\jdk8u101\7261\hotspot\src\share\vm\prims\jni.cpp, line 735]
Event: 0.448 Thread 0x00000000001fe000 Exception <a 'java/lang/OutOfMemoryError'> (0x00000000eab68c00) thrown at [C:\re\workspace\8-2-build-windows-amd64-cygwin\jdk8u101\7261\hotspot\src\share\vm\prims\jvm.cpp, line 1390]
Event: 0.448 Thread 0x00000000001fe000 Exception <a 'java/lang/OutOfMemoryError'> (0x00000000eab68c00) thrown at [C:\re\workspace\8-2-build-windows-amd64-cygwin\jdk8u101\7261\hotspot\src\share\vm\prims\jvm.cpp, line 1390]
Event: 0.448 Thread 0x00000000001fe000 Exception <a 'java/lang/OutOfMemoryError'> (0x00000000eab68c00) thrown at [C:\re\workspace\8-2-build-windows-amd64-cygwin\jdk8u101\7261\hotspot\src\share\vm\prims\jvm.cpp, line 1390]

Events (10 events):
Event: 0.447 loading class java/util/Queue done
Event: 0.447 loading class java/util/Deque done
Event: 0.448 loading class java/util/ArrayDeque done
Event: 0.448 loading class java/util/zip/ZipCoder
Event: 0.448 loading class java/util/zip/ZipCoder done
Event: 0.448 loading class java/security/PrivilegedActionException
Event: 0.448 loading class java/security/PrivilegedActionException done
Event: 0.448 loading class java/io/IOException
Event: 0.448 loading class java/io/IOException done
Event: 0.449 loading class java/lang/Throwable$WrappedPrintStream


Dynamic libraries:
0x000000013f0c0000 - 0x000000013f0f7000 	C:\Program Files\Java\jdk1.8.0_101\bin\java.exe
0x00000000774d0000 - 0x000000007767a000 	C:\Windows\SYSTEM32\ntdll.dll
0x00000000772b0000 - 0x00000000773cf000 	C:\Windows\system32\kernel32.dll
0x000007fefd560000 - 0x000007fefd5ca000 	C:\Windows\system32\KERNELBASE.dll
0x000007feff560000 - 0x000007feff63b000 	C:\Windows\system32\ADVAPI32.dll
0x000007feff6c0000 - 0x000007feff75f000 	C:\Windows\system32\msvcrt.dll
0x000007fefefd0000 - 0x000007fefefef000 	C:\Windows\SYSTEM32\sechost.dll
0x000007feff3c0000 - 0x000007feff4ed000 	C:\Windows\system32\RPCRT4.dll
0x00000000773d0000 - 0x00000000774ca000 	C:\Windows\system32\USER32.dll
0x000007feff4f0000 - 0x000007feff557000 	C:\Windows\system32\GDI32.dll
0x000007feff3b0000 - 0x000007feff3be000 	C:\Windows\system32\LPK.dll
0x000007feff060000 - 0x000007feff12a000 	C:\Windows\system32\USP10.dll
0x000007fefbc70000 - 0x000007fefbe64000 	C:\Windows\WinSxS\amd64_microsoft.windows.common-controls_6595b64144ccf1df_6.0.7601.18837_none_fa3b1e3d17594757\COMCTL32.dll
0x000007feff760000 - 0x000007feff7d1000 	C:\Windows\system32\SHLWAPI.dll
0x000007fefe9c0000 - 0x000007fefe9ee000 	C:\Windows\system32\IMM32.DLL
0x000007fefe9f0000 - 0x000007fefeaf9000 	C:\Windows\system32\MSCTF.dll
0x000000006f980000 - 0x000000006fa52000 	C:\Program Files\Java\jdk1.8.0_101\jre\bin\msvcr100.dll
0x00000000663f0000 - 0x0000000066c8a000 	C:\Program Files\Java\jdk1.8.0_101\jre\bin\server\jvm.dll
0x000007fef7a90000 - 0x000007fef7a99000 	C:\Windows\system32\WSOCK32.dll
0x000007fefeff0000 - 0x000007feff03d000 	C:\Windows\system32\WS2_32.dll
0x000007fefeb00000 - 0x000007fefeb08000 	C:\Windows\system32\NSI.dll
0x000007fefb750000 - 0x000007fefb78b000 	C:\Windows\system32\WINMM.dll
0x000007fefc300000 - 0x000007fefc30c000 	C:\Windows\system32\VERSION.dll
0x00000000776a0000 - 0x00000000776a7000 	C:\Windows\system32\PSAPI.DLL
0x0000000074260000 - 0x000000007426f000 	C:\Program Files\Java\jdk1.8.0_101\jre\bin\verify.dll
0x0000000074230000 - 0x0000000074259000 	C:\Program Files\Java\jdk1.8.0_101\jre\bin\java.dll
0x0000000073b90000 - 0x0000000073ba6000 	C:\Program Files\Java\jdk1.8.0_101\jre\bin\zip.dll
0x000007fefd5d0000 - 0x000007fefe359000 	C:\Windows\system32\SHELL32.dll
0x000007fefe360000 - 0x000007fefe563000 	C:\Windows\system32\ole32.dll
0x000007fefd220000 - 0x000007fefd22f000 	C:\Windows\system32\profapi.dll

VM Arguments:
jvm_args: -Djava.awt.headless=true -Xmx1024M -Dfile.encoding=windows-1252 -Duser.country=US -Duser.language=en -Duser.variant 
java_command: com.android.dx.command.Main --dex --force-jumbo --num-threads=4 --multi-dex --output C:\Users\Nelly\IndoorPositioningSystem\IndoorPositioningSystem\app\build\intermediates\transforms\dex\debug\folders\1000\10\com.android.support-support-core-utils-24.2.0_cdcbe9b28381d51a05f6b3240055f70b33269595 C:\Users\Nelly\IndoorPositioningSystem\IndoorPositioningSystem\app\build\intermediates\exploded-aar\com.android.support\support-core-utils\24.2.0\jars\classes.jar
java_class_path (initial): C:\Users\Nelly\AppData\Local\Android\sdk\build-tools\24.0.2\lib\dx.jar
Launcher Type: SUN_STANDARD

Environment Variables:
PATH=C:\Program Files (x86)\Common Files\Intel\Shared Files\cpp\bin\Intel64;C:\Windows\system32;C:\Windows;C:\Windows\System32\Wbem;C:\Windows\System32\WindowsPowerShell\v1.0\;C:\Program Files\Intel\WiFi\bin\;C:\Program Files\Common Files\Intel\WirelessCommon\;C:\Program Files (x86)\Intel\OpenCL SDK\2.0\bin\x86;C:\Program Files (x86)\Intel\OpenCL SDK\2.0\bin\x64;C:\Program Files (x86)\GtkSharp\2.12\bin;%USERPROFILE%\.dnx\bin;C:\Program Files\Microsoft DNX\Dnvm\;C:\Program Files (x86)\Windows Kits\8.1\Windows Performance Toolkit\;C:\Program Files\Microsoft SQL Server\130\Tools\Binn\;C:\Program Files\Git\cmd;C:\Program Files\nodejs\;C:\Program Files\WIDCOMM\Bluetooth Software\;C:\Program Files\WIDCOMM\Bluetooth Software\syswow64;C:\Program Files\Intel\WiFi\bin\;C:\Program Files\Common Files\Intel\WirelessCommon\;C:\Program Files (x86)\Microsoft VS Code\bin;C:\Users\Nelly\AppData\Roaming\npm
USERNAME=Nelly
OS=Windows_NT
PROCESSOR_IDENTIFIER=Intel64 Family 6 Model 42 Stepping 7, GenuineIntel



---------------  S Y S T E M  ---------------

OS: Windows 7 , 64 bit Build 7601 (6.1.7601.23418)

CPU:total 4 (2 cores per cpu, 2 threads per core) family 6 model 42 stepping 7, cmov, cx8, fxsr, mmx, sse, sse2, sse3, ssse3, sse4.1, sse4.2, popcnt, avx, aes, clmul, ht, tsc, tscinvbit

Memory: 4k page, physical 4088764k(65344k free), swap 16353196k(8140k free)

vm_info: Java HotSpot(TM) 64-Bit Server VM (25.101-b13) for windows-amd64 JRE (1.8.0_101-b13), built on Jun 22 2016 01:21:29 by "java_re" with MS VC++ 10.0 (VS2010)

time: Fri Nov 18 20:25:22 2016
elapsed time: 0 seconds (0d 0h 0m 0s)

