#
# There is insufficient memory for the Java Runtime Environment to continue.
# Native memory allocation (malloc) failed to allocate 458256 bytes for Chunk::new
# Possible reasons:
#   The system is out of physical RAM or swap space
#   In 32 bit mode, the process size limit was hit
# Possible solutions:
#   Reduce memory load on the system
#   Increase physical memory or swap space
#   Check if swap backing store is full
#   Use 64 bit Java on a 64 bit OS
#   Decrease Java heap size (-Xmx/-Xms)
#   Decrease number of Java threads
#   Decrease Java thread stack sizes (-Xss)
#   Set larger code cache with -XX:ReservedCodeCacheSize=
# This output file may be truncated or incomplete.
#
#  Out of Memory Error (allocation.cpp:390), pid=10276, tid=0x00000000000034b4
#
# JRE version: Java(TM) SE Runtime Environment (8.0_101-b13) (build 1.8.0_101-b13)
# Java VM: Java HotSpot(TM) 64-Bit Server VM (25.101-b13 mixed mode windows-amd64 compressed oops)
# Failed to write core dump. Minidumps are not enabled by default on client versions of Windows
#

---------------  T H R E A D  ---------------

Current thread (0x0000000054d18800):  JavaThread "C2 CompilerThread0" daemon [_thread_in_native, id=13492, stack(0x00000000564a0000,0x00000000565a0000)]

Stack: [0x00000000564a0000,0x00000000565a0000]
[error occurred during error reporting (printing stack bounds), id 0xc0000005]

Native frames: (J=compiled Java code, j=interpreted, Vv=VM code, C=native code)


Current CompileTask:
C2:  10333 1614       4       com.android.dx.ssa.SsaMethod::forEachBlockDepthFirst (194 bytes)


---------------  P R O C E S S  ---------------

Java Threads: ( => current thread )
  0x0000000056caf000 JavaThread "pool-2-thread-4" [_thread_in_Java, id=8368, stack(0x0000000057410000,0x0000000057510000)]
  0x0000000056c15000 JavaThread "pool-2-thread-3" [_thread_in_Java, id=17800, stack(0x0000000057300000,0x0000000057400000)]
  0x0000000056c14000 JavaThread "pool-2-thread-2" [_thread_in_Java, id=1468, stack(0x0000000057170000,0x0000000057270000)]
  0x0000000056b55000 JavaThread "pool-3-thread-1" [_thread_blocked, id=12492, stack(0x0000000056e60000,0x0000000056f60000)]
  0x0000000056bf9000 JavaThread "pool-2-thread-1" [_thread_blocked, id=9368, stack(0x0000000056f70000,0x0000000057070000)]
  0x0000000056a3a000 JavaThread "Service Thread" daemon [_thread_blocked, id=12864, stack(0x00000000567a0000,0x00000000568a0000)]
  0x0000000054d1e000 JavaThread "C1 CompilerThread2" daemon [_thread_blocked, id=16892, stack(0x00000000568c0000,0x00000000569c0000)]
  0x0000000054d1d000 JavaThread "C2 CompilerThread1" daemon [_thread_in_native, id=2520, stack(0x0000000056690000,0x0000000056790000)]
=>0x0000000054d18800 JavaThread "C2 CompilerThread0" daemon [_thread_in_native, id=13492, stack(0x00000000564a0000,0x00000000565a0000)]
  0x0000000054d14000 JavaThread "Attach Listener" daemon [_thread_blocked, id=16312, stack(0x0000000055d80000,0x0000000055e80000)]
  0x0000000054d13000 JavaThread "Signal Dispatcher" daemon [_thread_blocked, id=16004, stack(0x0000000056230000,0x0000000056330000)]
  0x0000000054cf4000 JavaThread "Finalizer" daemon [_thread_blocked, id=17280, stack(0x0000000056020000,0x0000000056120000)]
  0x0000000054cb2800 JavaThread "Reference Handler" daemon [_thread_blocked, id=2844, stack(0x0000000055ec0000,0x0000000055fc0000)]
  0x000000000036e000 JavaThread "main" [_thread_blocked, id=8440, stack(0x0000000002080000,0x0000000002180000)]

Other Threads:
  0x0000000054caa800 VMThread [stack: 0x0000000055c20000,0x0000000055d20000] [id=16748]
  0x00000000569c5000 WatcherThread [stack: 0x0000000056330000,0x0000000056430000] [id=17896]

VM state:not at safepoint (normal execution)

VM Mutex/Monitor currently owned by a thread: None

Heap:
 PSYoungGen      total 35328K, used 10256K [0x00000000eab00000, 0x00000000ef000000, 0x0000000100000000)
  eden space 32768K, 23% used [0x00000000eab00000,0x00000000eb28c0e8,0x00000000ecb00000)
  from space 2560K, 98% used [0x00000000ecb00000,0x00000000ecd78028,0x00000000ecd80000)
  to   space 2560K, 0% used [0x00000000eed80000,0x00000000eed80000,0x00000000ef000000)
 ParOldGen       total 44032K, used 9301K [0x00000000c0000000, 0x00000000c2b00000, 0x00000000eab00000)
  object space 44032K, 21% used [0x00000000c0000000,0x00000000c09157b8,0x00000000c2b00000)
 Metaspace       used 6193K, capacity 7090K, committed 7296K, reserved 1056768K
  class space    used 604K, capacity 618K, committed 640K, reserved 1048576K

Card table byte_map: [0x0000000011810000,0x0000000011a20000] byte_map_base: 0x0000000011210000

Marking Bits: (ParMarkBitMap*) 0x000000006ea3a6d0
 Begin Bits: [0x0000000012120000, 0x0000000013120000)
 End Bits:   [0x0000000013120000, 0x0000000014120000)

Polling page: 0x0000000000340000

CodeCache: size=245760Kb used=7001Kb max_used=7001Kb free=238758Kb
 bounds [0x0000000002450000, 0x0000000002b30000, 0x0000000011450000]
 total_blobs=1898 nmethods=1629 adapters=182
 compilation: enabled

Compilation events (10 events):
Event: 10.297 Thread 0x0000000054d1e000 1685       3       java.util.HashMap$EntryIterator::next (5 bytes)
Event: 10.297 Thread 0x0000000054d1e000 nmethod 1685 0x0000000002b24b90 code [0x0000000002b24d00, 0x0000000002b24fe8]
Event: 10.298 Thread 0x0000000054d1e000 1686       3       com.android.dx.rop.cst.CstInterfaceMethodRef::toMethodRef (31 bytes)
Event: 10.299 Thread 0x0000000054d1e000 nmethod 1686 0x0000000002b25090 code [0x0000000002b25220, 0x0000000002b25878]
Event: 10.304 Thread 0x0000000054d1e000 1687       3       java.util.concurrent.ThreadPoolExecutor::isRunning (10 bytes)
Event: 10.304 Thread 0x0000000054d1e000 nmethod 1687 0x0000000002b25ad0 code [0x0000000002b25c20, 0x0000000002b25db0]
Event: 10.304 Thread 0x0000000054d1e000 1688       3       com.android.dx.ssa.back.FirstFitLocalCombiningAllocator::processPhiInsn (255 bytes)
Event: 10.307 Thread 0x0000000054d1e000 nmethod 1688 0x0000000002b25e10 code [0x0000000002b26200, 0x0000000002b28638]
Event: 10.312 Thread 0x0000000054d1e000 1689       3       com.android.dx.cf.direct.AttributeFactory::parse0 (53 bytes)
Event: 10.313 Thread 0x0000000054d1e000 nmethod 1689 0x0000000002b29e50 code [0x0000000002b2a040, 0x0000000002b2a9a8]

GC Heap History (6 events):
Event: 3.827 GC heap before
{Heap before GC invocations=1 (full 0):
 PSYoungGen      total 18944K, used 16384K [0x00000000eab00000, 0x00000000ec000000, 0x0000000100000000)
  eden space 16384K, 100% used [0x00000000eab00000,0x00000000ebb00000,0x00000000ebb00000)
  from space 2560K, 0% used [0x00000000ebd80000,0x00000000ebd80000,0x00000000ec000000)
  to   space 2560K, 0% used [0x00000000ebb00000,0x00000000ebb00000,0x00000000ebd80000)
 ParOldGen       total 44032K, used 0K [0x00000000c0000000, 0x00000000c2b00000, 0x00000000eab00000)
  object space 44032K, 0% used [0x00000000c0000000,0x00000000c0000000,0x00000000c2b00000)
 Metaspace       used 5699K, capacity 6704K, committed 6784K, reserved 1056768K
  class space    used 599K, capacity 616K, committed 640K, reserved 1048576K
Event: 4.381 GC heap after
Heap after GC invocations=1 (full 0):
 PSYoungGen      total 18944K, used 2554K [0x00000000eab00000, 0x00000000ed000000, 0x0000000100000000)
  eden space 16384K, 0% used [0x00000000eab00000,0x00000000eab00000,0x00000000ebb00000)
  from space 2560K, 99% used [0x00000000ebb00000,0x00000000ebd7eab8,0x00000000ebd80000)
  to   space 2560K, 0% used [0x00000000ecd80000,0x00000000ecd80000,0x00000000ed000000)
 ParOldGen       total 44032K, used 1670K [0x00000000c0000000, 0x00000000c2b00000, 0x00000000eab00000)
  object space 44032K, 3% used [0x00000000c0000000,0x00000000c01a1b30,0x00000000c2b00000)
 Metaspace       used 5699K, capacity 6704K, committed 6784K, reserved 1056768K
  class space    used 599K, capacity 616K, committed 640K, reserved 1048576K
}
Event: 5.327 GC heap before
{Heap before GC invocations=2 (full 0):
 PSYoungGen      total 18944K, used 18938K [0x00000000eab00000, 0x00000000ed000000, 0x0000000100000000)
  eden space 16384K, 100% used [0x00000000eab00000,0x00000000ebb00000,0x00000000ebb00000)
  from space 2560K, 99% used [0x00000000ebb00000,0x00000000ebd7eab8,0x00000000ebd80000)
  to   space 2560K, 0% used [0x00000000ecd80000,0x00000000ecd80000,0x00000000ed000000)
 ParOldGen       total 44032K, used 1670K [0x00000000c0000000, 0x00000000c2b00000, 0x00000000eab00000)
  object space 44032K, 3% used [0x00000000c0000000,0x00000000c01a1b30,0x00000000c2b00000)
 Metaspace       used 5927K, capacity 6834K, committed 7040K, reserved 1056768K
  class space    used 603K, capacity 618K, committed 640K, reserved 1048576K
Event: 5.767 GC heap after
Heap after GC invocations=2 (full 0):
 PSYoungGen      total 35328K, used 2528K [0x00000000eab00000, 0x00000000ed000000, 0x0000000100000000)
  eden space 32768K, 0% used [0x00000000eab00000,0x00000000eab00000,0x00000000ecb00000)
  from space 2560K, 98% used [0x00000000ecd80000,0x00000000ecff8028,0x00000000ed000000)
  to   space 2560K, 0% used [0x00000000ecb00000,0x00000000ecb00000,0x00000000ecd80000)
 ParOldGen       total 44032K, used 3857K [0x00000000c0000000, 0x00000000c2b00000, 0x00000000eab00000)
  object space 44032K, 8% used [0x00000000c0000000,0x00000000c03c44a8,0x00000000c2b00000)
 Metaspace       used 5927K, capacity 6834K, committed 7040K, reserved 1056768K
  class space    used 603K, capacity 618K, committed 640K, reserved 1048576K
}
Event: 10.227 GC heap before
{Heap before GC invocations=3 (full 0):
 PSYoungGen      total 35328K, used 35296K [0x00000000eab00000, 0x00000000ed000000, 0x0000000100000000)
  eden space 32768K, 100% used [0x00000000eab00000,0x00000000ecb00000,0x00000000ecb00000)
  from space 2560K, 98% used [0x00000000ecd80000,0x00000000ecff8028,0x00000000ed000000)
  to   space 2560K, 0% used [0x00000000ecb00000,0x00000000ecb00000,0x00000000ecd80000)
 ParOldGen       total 44032K, used 3857K [0x00000000c0000000, 0x00000000c2b00000, 0x00000000eab00000)
  object space 44032K, 8% used [0x00000000c0000000,0x00000000c03c44a8,0x00000000c2b00000)
 Metaspace       used 6144K, capacity 7026K, committed 7296K, reserved 1056768K
  class space    used 604K, capacity 618K, committed 640K, reserved 1048576K
Event: 10.254 GC heap after
Heap after GC invocations=3 (full 0):
 PSYoungGen      total 35328K, used 2528K [0x00000000eab00000, 0x00000000ef000000, 0x0000000100000000)
  eden space 32768K, 0% used [0x00000000eab00000,0x00000000eab00000,0x00000000ecb00000)
  from space 2560K, 98% used [0x00000000ecb00000,0x00000000ecd78028,0x00000000ecd80000)
  to   space 2560K, 0% used [0x00000000eed80000,0x00000000eed80000,0x00000000ef000000)
 ParOldGen       total 44032K, used 9301K [0x00000000c0000000, 0x00000000c2b00000, 0x00000000eab00000)
  object space 44032K, 21% used [0x00000000c0000000,0x00000000c09157b8,0x00000000c2b00000)
 Metaspace       used 6144K, capacity 7026K, committed 7296K, reserved 1056768K
  class space    used 604K, capacity 618K, committed 640K, reserved 1048576K
}

Deoptimization events (10 events):
Event: 7.612 Thread 0x0000000056c14000 Uncommon trap: reason=unstable_if action=reinterpret pc=0x00000000028644e8 method=com.android.dx.ssa.SsaRenamer$BlockRenamer.addMapping(ILcom/android/dx/rop/code/RegisterSpec;)V @ 120
Event: 7.612 Thread 0x0000000056c14000 Uncommon trap: reason=unstable_if action=reinterpret pc=0x000000000294facc method=com.android.dx.ssa.SsaRenamer$BlockRenamer.addMapping(ILcom/android/dx/rop/code/RegisterSpec;)V @ 120
Event: 7.613 Thread 0x0000000056c14000 Uncommon trap: reason=unstable_if action=reinterpret pc=0x0000000002940dc4 method=com.android.dx.ssa.SsaRenamer$BlockRenamer.addMapping(ILcom/android/dx/rop/code/RegisterSpec;)V @ 120
Event: 7.836 Thread 0x0000000056c14000 Uncommon trap: reason=bimorphic action=maybe_recompile pc=0x0000000002883338 method=java.util.HashMap.putVal(ILjava/lang/Object;Ljava/lang/Object;ZZ)Ljava/lang/Object; @ 91
Event: 9.115 Thread 0x0000000056bf9000 Uncommon trap: reason=unstable_if action=reinterpret pc=0x0000000002985690 method=com.android.dx.ssa.SCCP.simulateBranch(Lcom/android/dx/ssa/SsaInsn;)V @ 64
Event: 10.036 Thread 0x0000000056bf9000 Uncommon trap: reason=unstable_if action=reinterpret pc=0x0000000002a38450 method=com.android.dx.ssa.LiteralOpUpgrader$1.visitNonMoveInsn(Lcom/android/dx/ssa/NormalSsaInsn;)V @ 55
Event: 10.165 Thread 0x0000000056bf9000 Uncommon trap: reason=unstable_if action=reinterpret pc=0x000000000279e48c method=com.android.dx.ssa.SsaMethod.updateOneDefinition(Lcom/android/dx/ssa/SsaInsn;Lcom/android/dx/rop/code/RegisterSpec;)V @ 4
Event: 10.166 Thread 0x0000000056bf9000 Uncommon trap: reason=unstable_if action=reinterpret pc=0x00000000029aca2c method=com.android.dx.rop.code.LocalItem.compareHandlesNulls(Lcom/android/dx/rop/cst/CstString;Lcom/android/dx/rop/cst/CstString;)I @ 14
Event: 10.212 Thread 0x0000000056caf000 Uncommon trap: reason=unstable_if action=reinterpret pc=0x0000000002700d04 method=com.android.dx.rop.cst.Constant.compareTo(Lcom/android/dx/rop/cst/Constant;)I @ 12
Event: 10.288 Thread 0x0000000056c14000 Uncommon trap: reason=null_check action=make_not_entrant pc=0x00000000027a9a84 method=com.android.dx.ssa.SsaRenamer.getLocalForNewReg(I)Lcom/android/dx/rop/code/LocalItem; @ 19

Internal exceptions (5 events):
Event: 0.064 Thread 0x000000000036e000 Exception <a 'java/lang/NoSuchMethodError': Method sun.misc.Unsafe.defineClass(Ljava/lang/String;[BII)Ljava/lang/Class; name or signature does not match> (0x00000000eab07cc0) thrown at [C:\re\workspace\8-2-build-windows-amd64-cygwin\jdk8u101\7261\hotspot\sUOÕ*Xn°?
Event: 0.064 Thread 0x000000000036e000 Exception <a 'java/lang/NoSuchMethodError': Method sun.misc.Unsafe.prefetchRead(Ljava/lang/Object;J)V name or signature does not match> (0x00000000eab07fa8) thrown at [C:\re\workspace\8-2-build-windows-amd64-cygwin\jdk8u101\7261\hotspot\src\share\vm\prims\œÐÌŠ÷@
Event: 7.242 Thread 0x0000000056c14000 Implicit null exception at 0x000000000279a1cc to 0x000000000279b1e1
Event: 10.166 Thread 0x0000000056bf9000 Implicit null exception at 0x00000000029ab555 to 0x00000000029aca05
Event: 10.288 Thread 0x0000000056c14000 Implicit null exception at 0x00000000027a8c74 to 0x00000000027a9a51

Events (10 events):
Event: 10.166 Thread 0x0000000056bf9000 DEOPT PACKING pc=0x00000000029aca2c sp=0x000000005706e710
Event: 10.166 Thread 0x0000000056bf9000 DEOPT UNPACKING pc=0x000000000249582a sp=0x000000005706e4f8 mode 2
Event: 10.212 Thread 0x0000000056caf000 Uncommon trap: trap_request=0xffffff65 fr.pc=0x0000000002700d04
Event: 10.212 Thread 0x0000000056caf000 DEOPT PACKING pc=0x0000000002700d04 sp=0x000000005750e4f0
Event: 10.212 Thread 0x0000000056caf000 DEOPT UNPACKING pc=0x000000000249582a sp=0x000000005750e490 mode 2
Event: 10.227 Executing VM operation: ParallelGCFailedAllocation
Event: 10.254 Executing VM operation: ParallelGCFailedAllocation done
Event: 10.288 Thread 0x0000000056c14000 Uncommon trap: trap_request=0xfffffff4 fr.pc=0x00000000027a9a84
Event: 10.288 Thread 0x0000000056c14000 DEOPT PACKING pc=0x00000000027a9a84 sp=0x000000005726e670
Event: 10.288 Thread 0x0000000056c14000 DEOPT UNPACKING pc=0x000000000249582a sp=0x000000005726e4c8 mode 2


Dynamic libraries:
0x000000013f120000 - 0x000000013f157000 	C:\Program Files\Java\jdk1.8.0_101\bin\java.exe
0x00000000774d0000 - 0x000000007767a000 	C:\Windows\SYSTEM32\ntdll.dll
0x00000000772b0000 - 0x00000000773cf000 	C:\Windows\system32\kernel32.dll
0x000007fefd560000 - 0x000007fefd5ca000 	C:\Windows\system32\KERNELBASE.dll
0x000007feff560000 - 0x000007feff63b000 	C:\Windows\system32\ADVAPI32.dll
0x000007feff6c0000 - 0x000007feff75f000 	C:\Windows\system32\msvcrt.dll
0x000007fefefd0000 - 0x000007fefefef000 	C:\Windows\SYSTEM32\sechost.dll
0x000007feff3c0000 - 0x000007feff4ed000 	C:\Windows\system32\RPCRT4.dll
0x00000000773d0000 - 0x00000000774ca000 	C:\Windows\system32\USER32.dll
0x000007feff4f0000 - 0x000007feff557000 	C:\Windows\system32\GDI32.dll
0x000007feff3b0000 - 0x000007feff3be000 	C:\Windows\system32\LPK.dll
0x000007feff060000 - 0x000007feff12a000 	C:\Windows\system32\USP10.dll
0x000007fefbc70000 - 0x000007fefbe64000 	C:\Windows\WinSxS\amd64_microsoft.windows.common-controls_6595b64144ccf1df_6.0.7601.18837_none_fa3b1e3d17594757\COMCTL32.dll
0x000007feff760000 - 0x000007feff7d1000 	C:\Windows\system32\SHLWAPI.dll
0x000007fefe9c0000 - 0x000007fefe9ee000 	C:\Windows\system32\IMM32.DLL
0x000007fefe9f0000 - 0x000007fefeaf9000 	C:\Windows\system32\MSCTF.dll
0x0000000073a80000 - 0x0000000073b52000 	C:\Program Files\Java\jdk1.8.0_101\jre\bin\msvcr100.dll
0x000000006e220000 - 0x000000006eaba000 	C:\Program Files\Java\jdk1.8.0_101\jre\bin\server\jvm.dll
0x000007fef7a90000 - 0x000007fef7a99000 	C:\Windows\system32\WSOCK32.dll
0x000007fefeff0000 - 0x000007feff03d000 	C:\Windows\system32\WS2_32.dll
0x000007fefeb00000 - 0x000007fefeb08000 	C:\Windows\system32\NSI.dll
0x000007fefb750000 - 0x000007fefb78b000 	C:\Windows\system32\WINMM.dll
0x000007fefc300000 - 0x000007fefc30c000 	C:\Windows\system32\VERSION.dll
0x00000000776a0000 - 0x00000000776a7000 	C:\Windows\system32\PSAPI.DLL
0x0000000074100000 - 0x000000007410f000 	C:\Program Files\Java\jdk1.8.0_101\jre\bin\verify.dll
0x0000000074080000 - 0x00000000740a9000 	C:\Program Files\Java\jdk1.8.0_101\jre\bin\java.dll
0x0000000073d80000 - 0x0000000073d96000 	C:\Program Files\Java\jdk1.8.0_101\jre\bin\zip.dll
0x000007fefd5d0000 - 0x000007fefe359000 	C:\Windows\system32\SHELL32.dll
0x000007fefe360000 - 0x000007fefe563000 	C:\Windows\system32\ole32.dll
0x000007fefd220000 - 0x000007fefd22f000 	C:\Windows\system32\profapi.dll

VM Arguments:
jvm_args: -Djava.awt.headless=true -Xmx1024M -Dfile.encoding=windows-1252 -Duser.country=US -Duser.language=en -Duser.variant 
java_command: com.android.dx.command.Main --dex --force-jumbo --num-threads=4 --multi-dex --output C:\Users\Nelly\IndoorPositioningSystem\IndoorPositioningSystem\app\build\intermediates\transforms\dex\debug\folders\1000\10\com.android.support-support-media-compat-24.2.0_6210daf5f127cad53ad7c00a52d8be9141621b83 C:\Users\Nelly\IndoorPositioningSystem\IndoorPositioningSystem\app\build\intermediates\exploded-aar\com.android.support\support-media-compat\24.2.0\jars\classes.jar
java_class_path (initial): C:\Users\Nelly\AppData\Local\Android\sdk\build-tools\24.0.2\lib\dx.jar
Launcher Type: SUN_STANDARD

Environment Variables:
PATH=C:\Program Files (x86)\Common Files\Intel\Shared Files\cpp\bin\Intel64;C:\Windows\system32;C:\Windows;C:\Windows\System32\Wbem;C:\Windows\System32\WindowsPowerShell\v1.0\;C:\Program Files\Intel\WiFi\bin\;C:\Program Files\Common Files\Intel\WirelessCommon\;C:\Program Files (x86)\Intel\OpenCL SDK\2.0\bin\x86;C:\Program Files (x86)\Intel\OpenCL SDK\2.0\bin\x64;C:\Program Files (x86)\GtkSharp\2.12\bin;%USERPROFILE%\.dnx\bin;C:\Program Files\Microsoft DNX\Dnvm\;C:\Program Files (x86)\Windows Kits\8.1\Windows Performance Toolkit\;C:\Program Files\Microsoft SQL Server\130\Tools\Binn\;C:\Program Files\Git\cmd;C:\Program Files\nodejs\;C:\Program Files\WIDCOMM\Bluetooth Software\;C:\Program Files\WIDCOMM\Bluetooth Software\syswow64;C:\Program Files\Intel\WiFi\bin\;C:\Program Files\Common Files\Intel\WirelessCommon\;C:\Program Files (x86)\Microsoft VS Code\bin;C:\Users\Nelly\AppData\Roaming\npm
USERNAME=Nelly
OS=Windows_NT
PROCESSOR_IDENTIFIER=Intel64 Family 6 Model 42 Stepping 7, GenuineIntel



---------------  S Y S T E M  ---------------

OS: Windows 7 , 64 bit Build 7601 (6.1.7601.23418)

CPU:total 4 (2 cores per cpu, 2 threads per core) family 6 model 42 stepping 7, cmov, cx8, fxsr, mmx, sse, sse2, sse3, ssse3, sse4.1, sse4.2, popcnt, avx, aes, clmul, ht, tsc, tscinvbit

Memory: 4k page, physical 4088764k(14052k free), swap 16353196k(5580k free)

vm_info: Java HotSpot(TM) 64-Bit Server VM (25.101-b13) for windows-amd64 JRE (1.8.0_101-b13), built on Jun 22 2016 01:21:29 by "java_re" with MS VC++ 10.0 (VS2010)

time: Sun Nov 27 12:06:30 2016
elapsed time: 10 seconds (0d 0h 0m 10s)

