#
# There is insufficient memory for the Java Runtime Environment to continue.
# Native memory allocation (malloc) failed to allocate 468176 bytes for Chunk::new
# Possible reasons:
#   The system is out of physical RAM or swap space
#   In 32 bit mode, the process size limit was hit
# Possible solutions:
#   Reduce memory load on the system
#   Increase physical memory or swap space
#   Check if swap backing store is full
#   Use 64 bit Java on a 64 bit OS
#   Decrease Java heap size (-Xmx/-Xms)
#   Decrease number of Java threads
#   Decrease Java thread stack sizes (-Xss)
#   Set larger code cache with -XX:ReservedCodeCacheSize=
# This output file may be truncated or incomplete.
#
#  Out of Memory Error (allocation.cpp:390), pid=12560, tid=0x0000000000002fc8
#
# JRE version: Java(TM) SE Runtime Environment (8.0_101-b13) (build 1.8.0_101-b13)
# Java VM: Java HotSpot(TM) 64-Bit Server VM (25.101-b13 mixed mode windows-amd64 compressed oops)
# Failed to write core dump. Minidumps are not enabled by default on client versions of Windows
#

---------------  T H R E A D  ---------------

Current thread (0x00000000552a6800):  JavaThread "C2 CompilerThread0" daemon [_thread_in_native, id=12232, stack(0x0000000056a70000,0x0000000056b70000)]

Stack: [0x0000000056a70000,0x0000000056b70000]
[error occurred during error reporting (printing stack bounds), id 0xc0000005]

Native frames: (J=compiled Java code, j=interpreted, Vv=VM code, C=native code)


Current CompileTask:
C2:  11605 1611       4       com.android.dx.rop.code.LocalVariableExtractor::processBlock (327 bytes)


---------------  P R O C E S S  ---------------

Java Threads: ( => current thread )
  0x0000000056f6e000 JavaThread "pool-2-thread-4" [_thread_blocked, id=5820, stack(0x0000000057990000,0x0000000057a90000)]
  0x0000000056f6b000 JavaThread "pool-2-thread-3" [_thread_blocked, id=3556, stack(0x0000000057760000,0x0000000057860000)]
  0x0000000056f6a800 JavaThread "pool-2-thread-2" [_thread_blocked, id=8248, stack(0x00000000575d0000,0x00000000576d0000)]
  0x0000000056fcc800 JavaThread "pool-3-thread-1" [_thread_blocked, id=7824, stack(0x0000000056710000,0x0000000056810000)]
  0x0000000056fcb800 JavaThread "pool-2-thread-1" [_thread_blocked, id=10804, stack(0x0000000056960000,0x0000000056a60000)]
  0x0000000056d8d800 JavaThread "Service Thread" daemon [_thread_blocked, id=7956, stack(0x0000000057270000,0x0000000057370000)]
  0x0000000056d00800 JavaThread "C1 CompilerThread2" daemon [_thread_blocked, id=13200, stack(0x00000000563d0000,0x00000000564d0000)]
  0x00000000552ae000 JavaThread "C2 CompilerThread1" daemon [_thread_in_vm, id=7396, stack(0x0000000056c00000,0x0000000056d00000)]
=>0x00000000552a6800 JavaThread "C2 CompilerThread0" daemon [_thread_in_native, id=12232, stack(0x0000000056a70000,0x0000000056b70000)]
  0x00000000552a2000 JavaThread "Attach Listener" daemon [_thread_blocked, id=11044, stack(0x0000000056850000,0x0000000056950000)]
  0x00000000552a1000 JavaThread "Signal Dispatcher" daemon [_thread_blocked, id=10268, stack(0x0000000056610000,0x0000000056710000)]
  0x0000000055289800 JavaThread "Finalizer" daemon [_thread_blocked, id=15816, stack(0x00000000564f0000,0x00000000565f0000)]
  0x0000000055242800 JavaThread "Reference Handler" daemon [_thread_blocked, id=15488, stack(0x0000000056290000,0x0000000056390000)]
  0x000000000227e000 JavaThread "main" [_thread_blocked, id=12356, stack(0x0000000002560000,0x0000000002660000)]

Other Threads:
  0x000000005523a800 VMThread [stack: 0x0000000056140000,0x0000000056240000] [id=10924]
  0x0000000056d98800 WatcherThread [stack: 0x0000000057430000,0x0000000057530000] [id=15304]

VM state:not at safepoint (normal execution)

VM Mutex/Monitor currently owned by a thread:  ([mutex/lock_event])
[0x000000000227bae0] CodeCache_lock - owner thread: 0x00000000552ae000

Heap:
 PSYoungGen      total 18944K, used 9493K [0x00000000eab00000, 0x00000000ed000000, 0x0000000100000000)
  eden space 16384K, 42% used [0x00000000eab00000,0x00000000eb1c9548,0x00000000ebb00000)
  from space 2560K, 99% used [0x00000000ebb00000,0x00000000ebd7c038,0x00000000ebd80000)
  to   space 2560K, 0% used [0x00000000ecd80000,0x00000000ecd80000,0x00000000ed000000)
 ParOldGen       total 44032K, used 5053K [0x00000000c0000000, 0x00000000c2b00000, 0x00000000eab00000)
  object space 44032K, 11% used [0x00000000c0000000,0x00000000c04ef6a8,0x00000000c2b00000)
 Metaspace       used 6206K, capacity 7090K, committed 7296K, reserved 1056768K
  class space    used 603K, capacity 618K, committed 640K, reserved 1048576K

Card table byte_map: [0x0000000011cf0000,0x0000000011f00000] byte_map_base: 0x00000000116f0000

Marking Bits: (ParMarkBitMap*) 0x000000006636a6d0
 Begin Bits: [0x00000000126b0000, 0x00000000136b0000)
 End Bits:   [0x00000000136b0000, 0x00000000146b0000)

Polling page: 0x0000000001b60000

CodeCache: size=245760Kb used=6865Kb max_used=6865Kb free=238894Kb
 bounds [0x0000000002930000, 0x0000000002ff0000, 0x0000000011930000]
 total_blobs=1908 nmethods=1637 adapters=182
 compilation: enabled

Compilation events (10 events):
Event: 11.549 Thread 0x0000000056d00800 1674   !   3       java.util.concurrent.FutureTask::run (126 bytes)
Event: 11.550 Thread 0x0000000056d00800 nmethod 1674 0x0000000002fe4e90 code [0x0000000002fe5080, 0x0000000002fe58e8]
Event: 11.555 Thread 0x0000000056d00800 1675   !   3       java.util.zip.ZipFile$ZipFileInflaterInputStream::close (67 bytes)
Event: 11.556 Thread 0x0000000056d00800 nmethod 1675 0x0000000002fe5c50 code [0x0000000002fe5e20, 0x0000000002fe6618]
Event: 11.556 Thread 0x0000000056d00800 1676       1       com.android.dx.dex.file.ClassDefItem::getThisClass (5 bytes)
Event: 11.557 Thread 0x0000000056d00800 nmethod 1676 0x0000000002fe69d0 code [0x0000000002fe6b20, 0x0000000002fe6c30]
Event: 11.557 Thread 0x0000000056d00800 1678       3       java.util.concurrent.FutureTask::finishCompletion (74 bytes)
Event: 11.557 Thread 0x0000000056d00800 nmethod 1678 0x0000000002fe7010 code [0x0000000002fe71c0, 0x0000000002fe7768]
Event: 11.574 Thread 0x0000000056d00800 1679       3       java.util.concurrent.ThreadPoolExecutor$Worker::unlock (7 bytes)
Event: 11.575 Thread 0x0000000056d00800 nmethod 1679 0x0000000002fe7950 code [0x0000000002fe7ae0, 0x0000000002fe8008]

GC Heap History (6 events):
Event: 3.095 GC heap before
{Heap before GC invocations=1 (full 0):
 PSYoungGen      total 18944K, used 16384K [0x00000000eab00000, 0x00000000ec000000, 0x0000000100000000)
  eden space 16384K, 100% used [0x00000000eab00000,0x00000000ebb00000,0x00000000ebb00000)
  from space 2560K, 0% used [0x00000000ebd80000,0x00000000ebd80000,0x00000000ec000000)
  to   space 2560K, 0% used [0x00000000ebb00000,0x00000000ebb00000,0x00000000ebd80000)
 ParOldGen       total 44032K, used 0K [0x00000000c0000000, 0x00000000c2b00000, 0x00000000eab00000)
  object space 44032K, 0% used [0x00000000c0000000,0x00000000c0000000,0x00000000c2b00000)
 Metaspace       used 5523K, capacity 6512K, committed 6784K, reserved 1056768K
  class space    used 592K, capacity 616K, committed 640K, reserved 1048576K
Event: 3.115 GC heap after
Heap after GC invocations=1 (full 0):
 PSYoungGen      total 18944K, used 2533K [0x00000000eab00000, 0x00000000ec000000, 0x0000000100000000)
  eden space 16384K, 0% used [0x00000000eab00000,0x00000000eab00000,0x00000000ebb00000)
  from space 2560K, 98% used [0x00000000ebb00000,0x00000000ebd79650,0x00000000ebd80000)
  to   space 2560K, 0% used [0x00000000ebd80000,0x00000000ebd80000,0x00000000ec000000)
 ParOldGen       total 44032K, used 1050K [0x00000000c0000000, 0x00000000c2b00000, 0x00000000eab00000)
  object space 44032K, 2% used [0x00000000c0000000,0x00000000c0106860,0x00000000c2b00000)
 Metaspace       used 5523K, capacity 6512K, committed 6784K, reserved 1056768K
  class space    used 592K, capacity 616K, committed 640K, reserved 1048576K
}
Event: 3.926 GC heap before
{Heap before GC invocations=2 (full 0):
 PSYoungGen      total 18944K, used 18917K [0x00000000eab00000, 0x00000000ec000000, 0x0000000100000000)
  eden space 16384K, 100% used [0x00000000eab00000,0x00000000ebb00000,0x00000000ebb00000)
  from space 2560K, 98% used [0x00000000ebb00000,0x00000000ebd79650,0x00000000ebd80000)
  to   space 2560K, 0% used [0x00000000ebd80000,0x00000000ebd80000,0x00000000ec000000)
 ParOldGen       total 44032K, used 1050K [0x00000000c0000000, 0x00000000c2b00000, 0x00000000eab00000)
  object space 44032K, 2% used [0x00000000c0000000,0x00000000c0106860,0x00000000c2b00000)
 Metaspace       used 5989K, capacity 6898K, committed 7040K, reserved 1056768K
  class space    used 601K, capacity 618K, committed 640K, reserved 1048576K
Event: 3.943 GC heap after
Heap after GC invocations=2 (full 0):
 PSYoungGen      total 18944K, used 2551K [0x00000000eab00000, 0x00000000ed000000, 0x0000000100000000)
  eden space 16384K, 0% used [0x00000000eab00000,0x00000000eab00000,0x00000000ebb00000)
  from space 2560K, 99% used [0x00000000ebd80000,0x00000000ebffdc88,0x00000000ec000000)
  to   space 2560K, 0% used [0x00000000ebb00000,0x00000000ebb00000,0x00000000ebd80000)
 ParOldGen       total 44032K, used 2956K [0x00000000c0000000, 0x00000000c2b00000, 0x00000000eab00000)
  object space 44032K, 6% used [0x00000000c0000000,0x00000000c02e32a8,0x00000000c2b00000)
 Metaspace       used 5989K, capacity 6898K, committed 7040K, reserved 1056768K
  class space    used 601K, capacity 618K, committed 640K, reserved 1048576K
}
Event: 8.908 GC heap before
{Heap before GC invocations=3 (full 0):
 PSYoungGen      total 18944K, used 18935K [0x00000000eab00000, 0x00000000ed000000, 0x0000000100000000)
  eden space 16384K, 100% used [0x00000000eab00000,0x00000000ebb00000,0x00000000ebb00000)
  from space 2560K, 99% used [0x00000000ebd80000,0x00000000ebffdc88,0x00000000ec000000)
  to   space 2560K, 0% used [0x00000000ebb00000,0x00000000ebb00000,0x00000000ebd80000)
 ParOldGen       total 44032K, used 2956K [0x00000000c0000000, 0x00000000c2b00000, 0x00000000eab00000)
  object space 44032K, 6% used [0x00000000c0000000,0x00000000c02e32a8,0x00000000c2b00000)
 Metaspace       used 6118K, capacity 7026K, committed 7296K, reserved 1056768K
  class space    used 602K, capacity 618K, committed 640K, reserved 1048576K
Event: 10.955 GC heap after
Heap after GC invocations=3 (full 0):
 PSYoungGen      total 18944K, used 2544K [0x00000000eab00000, 0x00000000ed000000, 0x0000000100000000)
  eden space 16384K, 0% used [0x00000000eab00000,0x00000000eab00000,0x00000000ebb00000)
  from space 2560K, 99% used [0x00000000ebb00000,0x00000000ebd7c038,0x00000000ebd80000)
  to   space 2560K, 0% used [0x00000000ecd80000,0x00000000ecd80000,0x00000000ed000000)
 ParOldGen       total 44032K, used 5053K [0x00000000c0000000, 0x00000000c2b00000, 0x00000000eab00000)
  object space 44032K, 11% used [0x00000000c0000000,0x00000000c04ef6a8,0x00000000c2b00000)
 Metaspace       used 6118K, capacity 7026K, committed 7296K, reserved 1056768K
  class space    used 602K, capacity 618K, committed 640K, reserved 1048576K
}

Deoptimization events (10 events):
Event: 3.327 Thread 0x0000000056fcb800 Uncommon trap: reason=class_check action=maybe_recompile pc=0x0000000002bdfdb0 method=com.android.dx.rop.type.Type.equals(Ljava/lang/Object;)Z @ 8
Event: 3.328 Thread 0x0000000056fcb800 Uncommon trap: reason=class_check action=maybe_recompile pc=0x0000000002bca650 method=com.android.dx.rop.type.Type.equals(Ljava/lang/Object;)Z @ 8
Event: 3.336 Thread 0x0000000056fcb800 Uncommon trap: reason=class_check action=maybe_recompile pc=0x0000000002c00e60 method=com.android.dx.rop.type.Type.equals(Ljava/lang/Object;)Z @ 8
Event: 3.337 Thread 0x0000000056fcb800 Uncommon trap: reason=class_check action=maybe_recompile pc=0x0000000002b1e2c0 method=com.android.dx.rop.type.Type.equals(Ljava/lang/Object;)Z @ 8
Event: 3.350 Thread 0x0000000056fcb800 Uncommon trap: reason=unstable_if action=reinterpret pc=0x0000000002b182e0 method=java.util.BitSet.nextSetBit(I)I @ 87
Event: 3.354 Thread 0x0000000056fcb800 Uncommon trap: reason=unstable_if action=reinterpret pc=0x0000000002c09ac8 method=java.util.Vector.ensureCapacityHelper(I)V @ 7
Event: 3.359 Thread 0x0000000056fcb800 Uncommon trap: reason=unstable_if action=reinterpret pc=0x0000000002b249c4 method=com.android.dx.rop.cst.Constant.compareTo(Lcom/android/dx/rop/cst/Constant;)I @ 12
Event: 3.884 Thread 0x0000000056f6b000 Uncommon trap: reason=null_check action=make_not_entrant pc=0x0000000002b9af6c method=com.android.dx.ssa.SsaRenamer.getLocalForNewReg(I)Lcom/android/dx/rop/code/LocalItem; @ 19
Event: 8.714 Thread 0x0000000056f6a800 Uncommon trap: reason=unstable_if action=reinterpret pc=0x0000000002ec3e98 method=com.android.dx.ssa.LiteralOpUpgrader$1.visitNonMoveInsn(Lcom/android/dx/ssa/NormalSsaInsn;)V @ 151
Event: 11.476 Thread 0x0000000056f6b000 Uncommon trap: reason=unstable_if action=reinterpret pc=0x0000000002cd8d28 method=com.android.dx.rop.code.RegisterSpecSet.<init>(I)V @ 2

Internal exceptions (3 events):
Event: 1.151 Thread 0x000000000227e000 Exception <a 'java/lang/NoSuchMethodError': Method sun.misc.Unsafe.defineClass(Ljava/lang/String;[BII)Ljava/lang/Class; name or signature does not match> (0x00000000eab07cc0) thrown at [C:\re\workspace\8-2-build-windows-amd64-cygwin\jdk8u101\7261\hotspot\s"ù¶§õnÚ?
Event: 1.152 Thread 0x000000000227e000 Exception <a 'java/lang/NoSuchMethodError': Method sun.misc.Unsafe.prefetchRead(Ljava/lang/Object;J)V name or signature does not match> (0x00000000eab07fa8) thrown at [C:\re\workspace\8-2-build-windows-amd64-cygwin\jdk8u101\7261\hotspot\src\share\vm\prims\éyµin@
Event: 3.884 Thread 0x0000000056f6b000 Implicit null exception at 0x0000000002b9975e to 0x0000000002b9af45

Events (10 events):
Event: 8.714 Thread 0x0000000056f6a800 Uncommon trap: trap_request=0xffffff65 fr.pc=0x0000000002ec3e98
Event: 8.714 Thread 0x0000000056f6a800 DEOPT PACKING pc=0x0000000002ec3e98 sp=0x00000000576ced60
Event: 8.715 Thread 0x0000000056f6a800 DEOPT UNPACKING pc=0x000000000297582a sp=0x00000000576ced70 mode 2
Event: 8.908 Executing VM operation: ParallelGCFailedAllocation
Event: 10.955 Executing VM operation: ParallelGCFailedAllocation done
Event: 11.458 loading class com/android/dx/cf/code/SwitchList
Event: 11.458 loading class com/android/dx/cf/code/SwitchList done
Event: 11.476 Thread 0x0000000056f6b000 Uncommon trap: trap_request=0xffffff65 fr.pc=0x0000000002cd8d28
Event: 11.476 Thread 0x0000000056f6b000 DEOPT PACKING pc=0x0000000002cd8d28 sp=0x000000005785eb90
Event: 11.476 Thread 0x0000000056f6b000 DEOPT UNPACKING pc=0x000000000297582a sp=0x000000005785eac0 mode 2


Dynamic libraries:
0x000000013f160000 - 0x000000013f197000 	C:\Program Files\Java\jdk1.8.0_101\bin\java.exe
0x00000000774d0000 - 0x000000007767a000 	C:\Windows\SYSTEM32\ntdll.dll
0x00000000772b0000 - 0x00000000773cf000 	C:\Windows\system32\kernel32.dll
0x000007fefd560000 - 0x000007fefd5ca000 	C:\Windows\system32\KERNELBASE.dll
0x000007feff560000 - 0x000007feff63b000 	C:\Windows\system32\ADVAPI32.dll
0x000007feff6c0000 - 0x000007feff75f000 	C:\Windows\system32\msvcrt.dll
0x000007fefefd0000 - 0x000007fefefef000 	C:\Windows\SYSTEM32\sechost.dll
0x000007feff3c0000 - 0x000007feff4ed000 	C:\Windows\system32\RPCRT4.dll
0x00000000773d0000 - 0x00000000774ca000 	C:\Windows\system32\USER32.dll
0x000007feff4f0000 - 0x000007feff557000 	C:\Windows\system32\GDI32.dll
0x000007feff3b0000 - 0x000007feff3be000 	C:\Windows\system32\LPK.dll
0x000007feff060000 - 0x000007feff12a000 	C:\Windows\system32\USP10.dll
0x000007fefbc70000 - 0x000007fefbe64000 	C:\Windows\WinSxS\amd64_microsoft.windows.common-controls_6595b64144ccf1df_6.0.7601.18837_none_fa3b1e3d17594757\COMCTL32.dll
0x000007feff760000 - 0x000007feff7d1000 	C:\Windows\system32\SHLWAPI.dll
0x000007fefe9c0000 - 0x000007fefe9ee000 	C:\Windows\system32\IMM32.DLL
0x000007fefe9f0000 - 0x000007fefeaf9000 	C:\Windows\system32\MSCTF.dll
0x000000006f980000 - 0x000000006fa52000 	C:\Program Files\Java\jdk1.8.0_101\jre\bin\msvcr100.dll
0x0000000065b50000 - 0x00000000663ea000 	C:\Program Files\Java\jdk1.8.0_101\jre\bin\server\jvm.dll
0x000007fef7a90000 - 0x000007fef7a99000 	C:\Windows\system32\WSOCK32.dll
0x000007fefeff0000 - 0x000007feff03d000 	C:\Windows\system32\WS2_32.dll
0x000007fefeb00000 - 0x000007fefeb08000 	C:\Windows\system32\NSI.dll
0x000007fefb750000 - 0x000007fefb78b000 	C:\Windows\system32\WINMM.dll
0x000007fefc300000 - 0x000007fefc30c000 	C:\Windows\system32\VERSION.dll
0x00000000776a0000 - 0x00000000776a7000 	C:\Windows\system32\PSAPI.DLL
0x0000000074d20000 - 0x0000000074d2f000 	C:\Program Files\Java\jdk1.8.0_101\jre\bin\verify.dll
0x00000000742a0000 - 0x00000000742c9000 	C:\Program Files\Java\jdk1.8.0_101\jre\bin\java.dll
0x0000000074b70000 - 0x0000000074b86000 	C:\Program Files\Java\jdk1.8.0_101\jre\bin\zip.dll
0x000007fefd5d0000 - 0x000007fefe359000 	C:\Windows\system32\SHELL32.dll
0x000007fefe360000 - 0x000007fefe563000 	C:\Windows\system32\ole32.dll
0x000007fefd220000 - 0x000007fefd22f000 	C:\Windows\system32\profapi.dll

VM Arguments:
jvm_args: -Djava.awt.headless=true -Xmx1024M -Dfile.encoding=windows-1252 -Duser.country=US -Duser.language=en -Duser.variant 
java_command: com.android.dx.command.Main --dex --force-jumbo --num-threads=4 --multi-dex --output C:\Users\Nelly\IndoorPositioningSystem\IndoorPositioningSystem\app\build\intermediates\transforms\dex\debug\folders\1000\10\internal_impl-24.2.0_bdfa4b2a208234e5131223317f47c09511e3328d C:\Users\Nelly\IndoorPositioningSystem\IndoorPositioningSystem\app\build\intermediates\exploded-aar\com.android.support\support-compat\24.2.0\jars\libs\internal_impl-24.2.0.jar
java_class_path (initial): C:\Users\Nelly\AppData\Local\Android\sdk\build-tools\24.0.2\lib\dx.jar
Launcher Type: SUN_STANDARD

Environment Variables:
PATH=C:\Program Files (x86)\Common Files\Intel\Shared Files\cpp\bin\Intel64;C:\Windows\system32;C:\Windows;C:\Windows\System32\Wbem;C:\Windows\System32\WindowsPowerShell\v1.0\;C:\Program Files\Intel\WiFi\bin\;C:\Program Files\Common Files\Intel\WirelessCommon\;C:\Program Files (x86)\Intel\OpenCL SDK\2.0\bin\x86;C:\Program Files (x86)\Intel\OpenCL SDK\2.0\bin\x64;C:\Program Files (x86)\GtkSharp\2.12\bin;%USERPROFILE%\.dnx\bin;C:\Program Files\Microsoft DNX\Dnvm\;C:\Program Files (x86)\Windows Kits\8.1\Windows Performance Toolkit\;C:\Program Files\Microsoft SQL Server\130\Tools\Binn\;C:\Program Files\Git\cmd;C:\Program Files\nodejs\;C:\Program Files\WIDCOMM\Bluetooth Software\;C:\Program Files\WIDCOMM\Bluetooth Software\syswow64;C:\Program Files\Intel\WiFi\bin\;C:\Program Files\Common Files\Intel\WirelessCommon\;C:\Program Files (x86)\Microsoft VS Code\bin;C:\Users\Nelly\AppData\Roaming\npm
USERNAME=Nelly
OS=Windows_NT
PROCESSOR_IDENTIFIER=Intel64 Family 6 Model 42 Stepping 7, GenuineIntel



---------------  S Y S T E M  ---------------

OS: Windows 7 , 64 bit Build 7601 (6.1.7601.23418)

CPU:total 4 (2 cores per cpu, 2 threads per core) family 6 model 42 stepping 7, cmov, cx8, fxsr, mmx, sse, sse2, sse3, ssse3, sse4.1, sse4.2, popcnt, avx, aes, clmul, ht, tsc, tscinvbit

Memory: 4k page, physical 4088764k(62404k free), swap 16353196k(5068k free)

vm_info: Java HotSpot(TM) 64-Bit Server VM (25.101-b13) for windows-amd64 JRE (1.8.0_101-b13), built on Jun 22 2016 01:21:29 by "java_re" with MS VC++ 10.0 (VS2010)

time: Thu Nov 17 11:28:33 2016
elapsed time: 11 seconds (0d 0h 0m 11s)

